---------------------Nueva ejecucion------------------------------
Escuchando conexiones entrantes de cpus 
Se acepto la conexion de una nueva CPU con socket n°:
IMPRIMIR_VALOR por cpu con socket n°9
Termino un quantum del programa:1
Termino un quantum del programa:1
IMPRIMIR_VALOR por cpu con socket n°9
Termino un quantum del programa:1
Termino un quantum del programa:1
IMPRIMIR_VALOR por cpu con socket n°9
Termino un quantum del programa:1
Termino la ejecucion del programa:1
Error por segmentation fault del programa:1Termino la ejecucion del programa:---------------------Nueva ejecucion------------------------------
Escuchando conexiones entrantes de cpus 
Se acepto la conexion de una nueva CPU con socket n°:
IMPRIMIR_VALOR por cpu con socket n°8
Termino un quantum del programa:1
Termino un quantum del programa:1
IMPRIMIR_VALOR por cpu con socket n°8
Termino un quantum del programa:1
Termino un quantum del programa:1
IMPRIMIR_VALOR por cpu con socket n°8
Termino un quantum del programa:1
Termino la ejecucion del programa:1
Error por segmentation fault del programa:1Termino la ejecucion del programa:---------------------Nueva ejecucion------------------------------
Escuchando conexiones entrantes de cpus 
Se acepto la conexion de una nueva CPU con socket n°:
IMPRIMIR_VALOR por cpu con socket n°8
IMPRIMIR_VALOR por cpu con socket n°8
IMPRIMIR_VALOR por cpu con socket n°8
Termino la ejecucion del programa:1
Error por segmentation fault del programa:1Termino la ejecucion del programa:---------------------Nueva ejecucion------------------------------
Escuchando conexiones entrantes de cpus 
Se acepto la conexion de una nueva CPU con socket n°:
IMPRIMIR_VALOR por cpu con socket n°8
Termino un quantum del programa:1
Termino un quantum del programa:1
IMPRIMIR_VALOR por cpu con socket n°8
Termino un quantum del programa:1
Termino un quantum del programa:1
IMPRIMIR_VALOR por cpu con socket n°8
Termino un quantum del programa:1
Termino la ejecucion del programa:1
Error por segmentation fault del programa:1Termino la ejecucion del programa:---------------------Nueva ejecucion------------------------------
Escuchando conexiones entrantes de cpus 
Se acepto la conexion de una nueva CPU con socket n°:
IMPRIMIR_VALOR por cpu con socket n°8
Termino un quantum del programa:1
Termino un quantum del programa:1
IMPRIMIR_VALOR por cpu con socket n°8
Termino un quantum del programa:1
Termino un quantum del programa:1
IMPRIMIR_VALOR por cpu con socket n°8
Termino un quantum del programa:1
Termino la ejecucion del programa:1
Error por segmentation fault del programa:1Termino la ejecucion del programa:---------------------Nueva ejecucion------------------------------
Escuchando conexiones entrantes de cpus 
Se acepto la conexion de una nueva CPU con socket n°:
GRABAR VALOR por cpu con socket n°:8
Termino un quantum del programa:1
OBTENER VALOR por cpu con socket n°:8
IMPRIMIR_VALOR por cpu con socket n°8
OBTENER VALOR por cpu con socket n°:8
Termino un quantum del programa:1
IMPRIMIR_VALOR por cpu con socket n°8
Termino un quantum del programa:1
OBTENER VALOR por cpu con socket n°:8
Termino un quantum del programa:1
---------------------Nueva ejecucion------------------------------
Escuchando conexiones entrantes de cpus 
Se acepto la conexion de una nueva CPU con socket n°:
Termino un quantum del programa:1
IMPRIMIR_TEXTO por cpu con socket n°8
IMPRIMIR_TEXTO por cpu con socket n°8
IMPRIMIR_TEXTO por cpu con socket n°8
Termino la ejecucion del programa:1
Error por segmentation fault del programa:1Termino la ejecucion del programa:2
Error por segmentation fault del programa:2Termino la ejecucion del programa:3
Error por segmentation fault del programa:3Termino la ejecucion del programa:4
Error por segmentation fault del programa:4---------------------Nueva ejecucion------------------------------
---------------------Nueva ejecucion------------------------------
---------------------Nueva ejecucion------------------------------
Escuchando conexiones entrantes de cpus 
Se acepto la conexion de una nueva CPU con socket n°:
IMPRIMIR_VALOR por cpu con socket n°8
Termino un quantum del programa:1
Termino un quantum del programa:1
IMPRIMIR_VALOR por cpu con socket n°8
Termino un quantum del programa:1
Termino un quantum del programa:1
IMPRIMIR_VALOR por cpu con socket n°8
Termino un quantum del programa:1
Termino la ejecucion del programa:1
Error por segmentation fault del programa:1Termino la ejecucion del programa:---------------------Nueva ejecucion------------------------------
Escuchando conexiones entrantes de cpus 
Se acepto la conexion de una nueva CPU con socket n°:
IMPRIMIR_VALOR por cpu con socket n°8
Termino un quantum del programa:1
Termino un quantum del programa:1
IMPRIMIR_VALOR por cpu con socket n°8
Termino un quantum del programa:1
Termino un quantum del programa:1
IMPRIMIR_VALOR por cpu con socket n°8
Termino un quantum del programa:1
Termino la ejecucion del programa:1
Error por segmentation fault del programa:1Termino la ejecucion del programa:---------------------Nueva ejecucion------------------------------
Escuchando conexiones entrantes de cpus 
Se acepto la conexion de una nueva CPU con socket n°:
IMPRIMIR_VALOR por cpu con socket n°8
Termino un quantum del programa:1
Termino un quantum del programa:1
IMPRIMIR_VALOR por cpu con socket n°8
Termino un quantum del programa:1
Termino un quantum del programa:1
IMPRIMIR_VALOR por cpu con socket n°8
Termino un quantum del programa:1
Termino la ejecucion del programa:1
Error por segmentation fault del programa:1Termino la ejecucion del programa:---------------------Nueva ejecucion------------------------------
Escuchando conexiones entrantes de cpus 
Se acepto la conexion de una nueva CPU con socket n°:
Termino un quantum del programa:1
IMPRIMIR_TEXTO por cpu con socket n°8
IMPRIMIR_TEXTO por cpu con socket n°8
IMPRIMIR_TEXTO por cpu con socket n°8
Termino la ejecucion del programa:1
Error por segmentation fault del programa:1Termino la ejecucion del programa:2
Error por segmentation fault del programa:2---------------------Nueva ejecucion------------------------------
Escuchando conexiones entrantes de cpus 
Se acepto la conexion de una nueva CPU con socket n°:
Termino un quantum del programa:1
IMPRIMIR_TEXTO por cpu con socket n°8
IMPRIMIR_TEXTO por cpu con socket n°8
IMPRIMIR_TEXTO por cpu con socket n°8
Termino la ejecucion del programa:1
Error por segmentation fault del programa:1Termino la ejecucion del programa:2
Error por segmentation fault del programa:2Termino la ejecucion del programa:3
Error por segmentation fault del programa:3---------------------Nueva ejecucion------------------------------
Escuchando conexiones entrantes de cpus 
Se acepto la conexion de una nueva CPU con socket n°:
Termino un quantum del programa:1
IMPRIMIR_TEXTO por cpu con socket n°8
IMPRIMIR_TEXTO por cpu con socket n°8
IMPRIMIR_TEXTO por cpu con socket n°8
Termino la ejecucion del programa:1
Error por segmentation fault del programa:1Termino un quantum del programa:2
IMPRIMIR_TEXTO por cpu con socket n°8
IMPRIMIR_TEXTO por cpu con socket n°8
IMPRIMIR_TEXTO por cpu con socket n°8
Termino la ejecucion del programa:2
Error por segmentation fault del programa:2Termino un quantum del programa:3
IMPRIMIR_TEXTO por cpu con socket n°8
IMPRIMIR_TEXTO por cpu con socket n°8
IMPRIMIR_TEXTO por cpu con socket n°8
Termino la ejecucion del programa:3
Error por segmentation fault del programa:3Termino un quantum del programa:4
IMPRIMIR_TEXTO por cpu con socket n°8
IMPRIMIR_TEXTO por cpu con socket n°8
IMPRIMIR_TEXTO por cpu con socket n°8
Termino la ejecucion del programa:4
Error por segmentation fault del programa:4IMPRIMIR_VALOR por cpu con socket n°8
Termino un quantum del programa:5
Termino la ejecucion del programa:5
Error por segmentation fault del programa:5IMPRIMIR_VALOR por cpu con socket n°8
Termino un quantum del programa:6
Termino la ejecucion del programa:6
Error por segmentation fault del programa:6Cerro la conexion el cpu con socket n°:8
Se acepto la conexion de una nueva CPU con socket n°:
Termino la ejecucion del programa:7
Error por segmentation fault del programa:7---------------------Nueva ejecucion------------------------------
Escuchando conexiones entrantes de cpus 
Se acepto la conexion de una nueva CPU con socket n°:
Termino la ejecucion del programa:1
Error por segmentation fault del programa:1---------------------Nueva ejecucion------------------------------
Escuchando conexiones entrantes de cpus 
Se acepto la conexion de una nueva CPU con socket n°:
IMPRIMIR_VALOR por cpu con socket n°8
Termino un quantum del programa:1
Termino la ejecucion del programa:1
Error por segmentation fault del programa:1---------------------Nueva ejecucion------------------------------
Escuchando conexiones entrantes de cpus 
Se acepto la conexion de una nueva CPU con socket n°:
IMPRIMIR_VALOR por cpu con socket n°8
Termino un quantum del programa:1
Termino un quantum del programa:1
IMPRIMIR_VALOR por cpu con socket n°8
Termino un quantum del programa:1
Termino un quantum del programa:1
IMPRIMIR_VALOR por cpu con socket n°8
Termino un quantum del programa:1
Termino la ejecucion del programa:1
Error por segmentation fault del programa:1Termino la ejecucion del programa:---------------------Nueva ejecucion------------------------------
Escuchando conexiones entrantes de cpus 
Se acepto la conexion de una nueva CPU con socket n°:
IMPRIMIR_VALOR por cpu con socket n°8
Termino un quantum del programa:1
Termino un quantum del programa:1
IMPRIMIR_VALOR por cpu con socket n°8
Termino un quantum del programa:1
Termino un quantum del programa:1
IMPRIMIR_VALOR por cpu con socket n°8
Termino un quantum del programa:1
Termino la ejecucion del programa:1
Error por segmentation fault del programa:1Termino la ejecucion del programa:---------------------Nueva ejecucion------------------------------
Escuchando conexiones entrantes de cpus 
Se acepto la conexion de una nueva CPU con socket n°:
IMPRIMIR_VALOR por cpu con socket n°8
Termino un quantum del programa:1
Termino la ejecucion del programa:1
Error por segmentation fault del programa:1---------------------Nueva ejecucion------------------------------
Escuchando conexiones entrantes de cpus 
Se acepto la conexion de una nueva CPU con socket n°:
IMPRIMIR_VALOR por cpu con socket n°8
Termino un quantum del programa:1
Termino la ejecucion del programa:1
Error por segmentation fault del programa:1Termino un quantum del programa:2
IMPRIMIR_TEXTO por cpu con socket n°8
IMPRIMIR_TEXTO por cpu con socket n°8
IMPRIMIR_TEXTO por cpu con socket n°8
Termino la ejecucion del programa:2
Error por segmentation fault del programa:2---------------------Nueva ejecucion------------------------------
Escuchando conexiones entrantes de cpus 
Se acepto la conexion de una nueva CPU con socket n°:
Termino un quantum del programa:1
IMPRIMIR_TEXTO por cpu con socket n°8
IMPRIMIR_TEXTO por cpu con socket n°8
IMPRIMIR_TEXTO por cpu con socket n°8
Termino la ejecucion del programa:1
Error por segmentation fault del programa:1Termino un quantum del programa:2
IMPRIMIR_TEXTO por cpu con socket n°8
IMPRIMIR_TEXTO por cpu con socket n°8
IMPRIMIR_TEXTO por cpu con socket n°8
Termino la ejecucion del programa:2
Error por segmentation fault del programa:2IMPRIMIR_VALOR por cpu con socket n°8
Termino un quantum del programa:3
Termino la ejecucion del programa:3
Error por segmentation fault del programa:3---------------------Nueva ejecucion------------------------------
---------------------Nueva ejecucion------------------------------
Escuchando conexiones entrantes de cpus 
Se acepto la conexion de una nueva CPU con socket n°:
IMPRIMIR_VALOR por cpu con socket n°8
Termino un quantum del programa:1
Termino la ejecucion del programa:1
Error por segmentation fault del programa:1---------------------Nueva ejecucion------------------------------
Escuchando conexiones entrantes de cpus 
Se acepto la conexion de una nueva CPU con socket n°:
IMPRIMIR_VALOR por cpu con socket n°8
Termino un quantum del programa:1
Termino la ejecucion del programa:1
Error por segmentation fault del programa:1---------------------Nueva ejecucion------------------------------
Escuchando conexiones entrantes de cpus 
Se acepto la conexion de una nueva CPU con socket n°:
IMPRIMIR_VALOR por cpu con socket n°8
Termino un quantum del programa:1
Termino la ejecucion del programa:1
Error por segmentation fault del programa:1---------------------Nueva ejecucion------------------------------
---------------------Nueva ejecucion------------------------------
Escuchando conexiones entrantes de cpus 
Se acepto la conexion de una nueva CPU con socket n°:
IMPRIMIR_VALOR por cpu con socket n°8
Termino un quantum del programa:1
Cerro la conexion el cpu con socket n°:8
---------------------Nueva ejecucion------------------------------
Escuchando conexiones entrantes de cpus 
Se acepto la conexion de una nueva CPU con socket n°:
IMPRIMIR_VALOR por cpu con socket n°8
Termino un quantum del programa:1
Cerro la conexion el cpu con socket n°:8
---------------------Nueva ejecucion------------------------------
Escuchando conexiones entrantes de cpus 
Se acepto la conexion de una nueva CPU con socket n°:
IMPRIMIR_VALOR por cpu con socket n°8
Termino un quantum del programa:1
Termino la ejecucion del programa:1
Error por segmentation fault del programa:1---------------------Nueva ejecucion------------------------------
Escuchando conexiones entrantes de cpus 
Se acepto la conexion de una nueva CPU con socket n°:
IMPRIMIR_VALOR por cpu con socket n°8
Termino un quantum del programa:1
Termino la ejecucion del programa:1
Error por segmentation fault del programa:1IMPRIMIR_VALOR por cpu con socket n°8
Termino un quantum del programa:2
Termino la ejecucion del programa:2
Error por segmentation fault del programa:2---------------------Nueva ejecucion------------------------------
Escuchando conexiones entrantes de cpus 
Se acepto la conexion de una nueva CPU con socket n°:
IMPRIMIR_VALOR por cpu con socket n°8
Termino un quantum del programa:1
Termino la ejecucion del programa:1
Error por segmentation fault del programa:1---------------------Nueva ejecucion------------------------------
Escuchando conexiones entrantes de cpus 
Se acepto la conexion de una nueva CPU con socket n°:
IMPRIMIR_VALOR por cpu con socket n°8
Termino un quantum del programa:1
Termino la ejecucion del programa:1
Error por segmentation fault del programa:1---------------------Nueva ejecucion------------------------------
Escuchando conexiones entrantes de cpus 
Se acepto la conexion de una nueva CPU con socket n°:
IMPRIMIR_VALOR por cpu con socket n°8
Termino un quantum del programa:1
Termino la ejecucion del programa:1
Error por segmentation fault del programa:1---------------------Nueva ejecucion------------------------------
Escuchando conexiones entrantes de cpus 
Se acepto la conexion de una nueva CPU con socket n°:
IMPRIMIR_TEXTO por cpu con socket n°8
IMPRIMIR_TEXTO por cpu con socket n°8
Termino la ejecucion del programa:1
Error por segmentation fault del programa:1---------------------Nueva ejecucion------------------------------
---------------------Nueva ejecucion------------------------------
Escuchando conexiones entrantes de cpus 
Se acepto la conexion de una nueva CPU con socket n°:
GRABAR VALOR por cpu con socket n°:8
Termino un quantum del programa:1
OBTENER VALOR por cpu con socket n°:8
IMPRIMIR_VALOR por cpu con socket n°8
OBTENER VALOR por cpu con socket n°:8
Termino un quantum del programa:1
Termino la ejecucion del programa:1
Error por segmentation fault del programa:1---------------------Nueva ejecucion------------------------------
---------------------Nueva ejecucion------------------------------
Escuchando conexiones entrantes de cpus 
Se acepto la conexion de una nueva CPU con socket n°:
GRABAR VALOR por cpu con socket n°:8
Termino un quantum del programa:1
OBTENER VALOR por cpu con socket n°:8
IMPRIMIR_VALOR por cpu con socket n°8
OBTENER VALOR por cpu con socket n°:8
Termino un quantum del programa:1
Termino la ejecucion del programa:1
Error por segmentation fault del programa:1---------------------Nueva ejecucion------------------------------
Escuchando conexiones entrantes de cpus 
Se acepto la conexion de una nueva CPU con socket n°:
GRABAR VALOR por cpu con socket n°:8
Termino un quantum del programa:1
OBTENER VALOR por cpu con socket n°:8
IMPRIMIR_VALOR por cpu con socket n°8
OBTENER VALOR por cpu con socket n°:8
Termino un quantum del programa:1
IMPRIMIR_VALOR por cpu con socket n°8
Termino un quantum del programa:1
OBTENER VALOR por cpu con socket n°:8
Termino un quantum del programa:1
---------------------Nueva ejecucion------------------------------
Escuchando conexiones entrantes de cpus 
Se acepto la conexion de una nueva CPU con socket n°:
IMPRIMIR_TEXTO por cpu con socket n°8
IMPRIMIR_TEXTO por cpu con socket n°8
Termino la ejecucion del programa:1
Error por segmentation fault del programa:1IMPRIMIR_TEXTO por cpu con socket n°8
IMPRIMIR_TEXTO por cpu con socket n°8
Termino la ejecucion del programa:2
Error por segmentation fault del programa:2IMPRIMIR_VALOR por cpu con socket n°8
Termino un quantum del programa:3
Termino un quantum del programa:3
IMPRIMIR_VALOR por cpu con socket n°8
Termino un quantum del programa:3
Termino un quantum del programa:3
IMPRIMIR_VALOR por cpu con socket n°8
Termino un quantum del programa:3
Termino la ejecucion del programa:3
Error por segmentation fault del programa:3Termino la ejecucion del programa:---------------------Nueva ejecucion------------------------------
Escuchando conexiones entrantes de cpus 
Se acepto la conexion de una nueva CPU con socket n°:
IMPRIMIR_VALOR por cpu con socket n°8
Termino un quantum del programa:1
Termino un quantum del programa:1
IMPRIMIR_VALOR por cpu con socket n°8
Termino un quantum del programa:1
Termino un quantum del programa:1
IMPRIMIR_VALOR por cpu con socket n°8
Termino un quantum del programa:1
Termino la ejecucion del programa:1
Error por segmentation fault del programa:1Termino la ejecucion del programa:---------------------Nueva ejecucion------------------------------
Escuchando conexiones entrantes de cpus 
Se acepto la conexion de una nueva CPU con socket n°:
Cerro la conexion el cpu con socket n°:8
---------------------Nueva ejecucion------------------------------
Escuchando conexiones entrantes de cpus 
Se acepto la conexion de una nueva CPU con socket n°:
IMPRIMIR_VALOR por cpu con socket n°8
Termino un quantum del programa:1
Termino un quantum del programa:1
IMPRIMIR_VALOR por cpu con socket n°8
Termino un quantum del programa:1
Termino un quantum del programa:1
IMPRIMIR_VALOR por cpu con socket n°8
Termino un quantum del programa:1
Termino la ejecucion del programa:1
Error por segmentation fault del programa:1Termino la ejecucion del programa:---------------------Nueva ejecucion------------------------------
Escuchando conexiones entrantes de cpus 
Se acepto la conexion de una nueva CPU con socket n°:
IMPRIMIR_VALOR por cpu con socket n°8
Termino un quantum del programa:1
Termino un quantum del programa:1
IMPRIMIR_VALOR por cpu con socket n°8
Termino un quantum del programa:1
Termino un quantum del programa:1
IMPRIMIR_VALOR por cpu con socket n°8
Termino un quantum del programa:1
Termino la ejecucion del programa:1
Error por segmentation fault del programa:1Termino la ejecucion del programa:---------------------Nueva ejecucion------------------------------
Escuchando conexiones entrantes de cpus 
Se acepto la conexion de una nueva CPU con socket n°:
IMPRIMIR_VALOR por cpu con socket n°8
Termino un quantum del programa:1
Termino un quantum del programa:1
IMPRIMIR_VALOR por cpu con socket n°8
Termino un quantum del programa:1
Termino un quantum del programa:1
IMPRIMIR_VALOR por cpu con socket n°8
Termino un quantum del programa:1
Termino la ejecucion del programa:1
Error por segmentation fault del programa:1Termino la ejecucion del programa:---------------------Nueva ejecucion------------------------------
Escuchando conexiones entrantes de cpus 
Se acepto la conexion de una nueva CPU con socket n°:
IMPRIMIR_TEXTO por cpu con socket n°8
IMPRIMIR_TEXTO por cpu con socket n°8
Termino la ejecucion del programa:1
Error por segmentation fault del programa:1IMPRIMIR_VALOR por cpu con socket n°8
Termino un quantum del programa:2
Termino la ejecucion del programa:2
Error por segmentation fault del programa:2Termino la ejecucion del programa:---------------------Nueva ejecucion------------------------------
Escuchando conexiones entrantes de cpus 
Se acepto la conexion de una nueva CPU con socket n°:
IMPRIMIR_VALOR por cpu con socket n°8
Termino un quantum del programa:1
Termino la ejecucion del programa:1
Error por segmentation fault del programa:1Cerro la conexion el cpu con socket n°:8
---------------------Nueva ejecucion------------------------------
Escuchando conexiones entrantes de cpus 
Se acepto la conexion de una nueva CPU con socket n°:
IMPRIMIR_VALOR por cpu con socket n°8
Termino un quantum del programa:1
Termino la ejecucion del programa:1
Error por segmentation fault del programa:1---------------------Nueva ejecucion------------------------------
Escuchando conexiones entrantes de cpus 
Se acepto la conexion de una nueva CPU con socket n°:
IMPRIMIR_VALOR por cpu con socket n°8
Termino un quantum del programa:1
Termino la ejecucion del programa:1
Error por segmentation fault del programa:1Cerro la conexion el cpu con socket n°:8
---------------------Nueva ejecucion------------------------------
Escuchando conexiones entrantes de cpus 
Se acepto la conexion de una nueva CPU con socket n°:
IMPRIMIR_VALOR por cpu con socket n°8
Termino un quantum del programa:1
Termino la ejecucion del programa:1
Error por segmentation fault del programa:1---------------------Nueva ejecucion------------------------------
Escuchando conexiones entrantes de cpus 
Se acepto la conexion de una nueva CPU con socket n°:
IMPRIMIR_VALOR por cpu con socket n°8
Termino un quantum del programa:1
Termino la ejecucion del programa:1
Error por segmentation fault del programa:1Cerro la conexion el cpu con socket n°:8
---------------------Nueva ejecucion------------------------------
Escuchando conexiones entrantes de cpus 
Se acepto la conexion de una nueva CPU con socket n°:
IMPRIMIR_VALOR por cpu con socket n°8
Termino un quantum del programa:1
Termino la ejecucion del programa:1
Error por segmentation fault del programa:1Cerro la conexion el cpu con socket n°:8
---------------------Nueva ejecucion------------------------------
Escuchando conexiones entrantes de cpus 
Se acepto la conexion de una nueva CPU con socket n°:
IMPRIMIR_VALOR por cpu con socket n°8
Termino un quantum del programa:1
Termino la ejecucion del programa:1
Error por segmentation fault del programa:1Cerro la conexion el cpu con socket n°:8
---------------------Nueva ejecucion------------------------------
Escuchando conexiones entrantes de cpus 
Se acepto la conexion de una nueva CPU con socket n°:
IMPRIMIR_VALOR por cpu con socket n°8
Termino un quantum del programa:1
Termino un quantum del programa:1
IMPRIMIR_VALOR por cpu con socket n°8
Termino un quantum del programa:1
Termino un quantum del programa:1
IMPRIMIR_VALOR por cpu con socket n°8
Termino un quantum del programa:1
Termino la ejecucion del programa:1
Error por segmentation fault del programa:1---------------------Nueva ejecucion------------------------------
Escuchando conexiones entrantes de cpus 
Se acepto la conexion de una nueva CPU con socket n°:
IMPRIMIR_VALOR por cpu con socket n°8
Termino un quantum del programa:1
Termino un quantum del programa:1
IMPRIMIR_VALOR por cpu con socket n°8
Termino un quantum del programa:1
Termino un quantum del programa:1
IMPRIMIR_VALOR por cpu con socket n°8
Termino un quantum del programa:1
Termino la ejecucion del programa:1
Error por segmentation fault del programa:1Termino la ejecucion del programa:---------------------Nueva ejecucion------------------------------
Escuchando conexiones entrantes de cpus 
Se acepto la conexion de una nueva CPU con socket n°:
IMPRIMIR_VALOR por cpu con socket n°8
Termino un quantum del programa:1
Termino un quantum del programa:1
IMPRIMIR_VALOR por cpu con socket n°8
Termino un quantum del programa:1
Termino un quantum del programa:1
IMPRIMIR_VALOR por cpu con socket n°8
Termino un quantum del programa:1
Termino la ejecucion del programa:1
Error por segmentation fault del programa:1Termino la ejecucion del programa:---------------------Nueva ejecucion------------------------------
Escuchando conexiones entrantes de cpus 
Se acepto la conexion de una nueva CPU con socket n°:
IMPRIMIR_VALOR por cpu con socket n°8
Termino un quantum del programa:1
Termino un quantum del programa:1
IMPRIMIR_VALOR por cpu con socket n°8
Termino un quantum del programa:1
Termino un quantum del programa:1
IMPRIMIR_VALOR por cpu con socket n°8
Termino un quantum del programa:1
Termino la ejecucion del programa:1
Error por segmentation fault del programa:1Termino la ejecucion del programa:---------------------Nueva ejecucion------------------------------
Escuchando conexiones entrantes de cpus 
Se acepto la conexion de una nueva CPU con socket n°:
IMPRIMIR_VALOR por cpu con socket n°8
Termino un quantum del programa:1
Termino un quantum del programa:1
IMPRIMIR_VALOR por cpu con socket n°8
Termino un quantum del programa:1
Termino un quantum del programa:1
IMPRIMIR_VALOR por cpu con socket n°8
Termino un quantum del programa:1
Termino la ejecucion del programa:1
Error por segmentation fault del programa:1Termino la ejecucion del programa:---------------------Nueva ejecucion------------------------------
Escuchando conexiones entrantes de cpus 
Se acepto la conexion de una nueva CPU con socket n°:
IMPRIMIR_VALOR por cpu con socket n°8
Termino un quantum del programa:1
Termino un quantum del programa:1
IMPRIMIR_VALOR por cpu con socket n°8
Termino un quantum del programa:1
Termino un quantum del programa:1
IMPRIMIR_VALOR por cpu con socket n°8
Termino un quantum del programa:1
Termino la ejecucion del programa:1
Error por segmentation fault del programa:1Termino la ejecucion del programa:---------------------Nueva ejecucion------------------------------
Escuchando conexiones entrantes de cpus 
Se acepto la conexion de una nueva CPU con socket n°:
IMPRIMIR_VALOR por cpu con socket n°8
Termino un quantum del programa:1
Termino un quantum del programa:1
IMPRIMIR_VALOR por cpu con socket n°8
Termino un quantum del programa:1
Termino un quantum del programa:1
IMPRIMIR_VALOR por cpu con socket n°8
Termino un quantum del programa:1
Termino la ejecucion del programa:1
Error por segmentation fault del programa:1Termino la ejecucion del programa:---------------------Nueva ejecucion------------------------------
---------------------Nueva ejecucion------------------------------
Escuchando conexiones entrantes de cpus 
Se acepto la conexion de una nueva CPU con socket n°:
IMPRIMIR_VALOR por cpu con socket n°8
Termino un quantum del programa:1
Termino un quantum del programa:1
IMPRIMIR_VALOR por cpu con socket n°8
Termino un quantum del programa:1
Termino un quantum del programa:1
IMPRIMIR_VALOR por cpu con socket n°8
Termino un quantum del programa:1
Termino la ejecucion del programa:1
Error por segmentation fault del programa:1Termino la ejecucion del programa:---------------------Nueva ejecucion------------------------------
Escuchando conexiones entrantes de cpus 
Se acepto la conexion de una nueva CPU con socket n°:
IMPRIMIR_VALOR por cpu con socket n°8
Termino un quantum del programa:1
Termino un quantum del programa:1
IMPRIMIR_VALOR por cpu con socket n°8
Termino un quantum del programa:1
Termino un quantum del programa:1
IMPRIMIR_VALOR por cpu con socket n°8
Termino un quantum del programa:1
Termino la ejecucion del programa:1
Error por segmentation fault del programa:1Termino la ejecucion del programa:---------------------Nueva ejecucion------------------------------
Escuchando conexiones entrantes de cpus 
Se acepto la conexion de una nueva CPU con socket n°:
IMPRIMIR_VALOR por cpu con socket n°8
Termino un quantum del programa:1
Termino un quantum del programa:1
IMPRIMIR_VALOR por cpu con socket n°8
Termino un quantum del programa:1
Termino un quantum del programa:1
IMPRIMIR_VALOR por cpu con socket n°8
Termino un quantum del programa:1
Termino la ejecucion del programa:1
Error por segmentation fault del programa:1Termino la ejecucion del programa:---------------------Nueva ejecucion------------------------------
Escuchando conexiones entrantes de cpus 
Se acepto la conexion de una nueva CPU con socket n°:
IMPRIMIR_VALOR por cpu con socket n°8
Termino un quantum del programa:1
Termino un quantum del programa:1
IMPRIMIR_VALOR por cpu con socket n°8
Termino un quantum del programa:1
Termino un quantum del programa:1
IMPRIMIR_VALOR por cpu con socket n°8
Termino un quantum del programa:1
Termino la ejecucion del programa:1
Error por segmentation fault del programa:1Termino la ejecucion del programa:---------------------Nueva ejecucion------------------------------
Escuchando conexiones entrantes de cpus 
Se acepto la conexion de una nueva CPU con socket n°:
IMPRIMIR_VALOR por cpu con socket n°8
Termino un quantum del programa:1
Termino un quantum del programa:1
IMPRIMIR_VALOR por cpu con socket n°8
Termino un quantum del programa:1
Termino un quantum del programa:1
IMPRIMIR_VALOR por cpu con socket n°8
Termino un quantum del programa:1
IMPRIMIR_VALOR por cpu con socket n°8
Termino un quantum del programa:1
Termino un quantum del programa:1
IMPRIMIR_VALOR por cpu con socket n°8
Termino un quantum del programa:1
Termino un quantum del programa:1
IMPRIMIR_VALOR por cpu con socket n°8
Termino un quantum del programa:1
IMPRIMIR_VALOR por cpu con socket n°8
Termino un quantum del programa:1
Termino un quantum del programa:1
IMPRIMIR_VALOR por cpu con socket n°8
Termino un quantum del programa:1
Termino un quantum del programa:1
IMPRIMIR_VALOR por cpu con socket n°8
Termino un quantum del programa:1
IMPRIMIR_VALOR por cpu con socket n°8
Termino un quantum del programa:1
Termino un quantum del programa:1
IMPRIMIR_VALOR por cpu con socket n°8
Termino un quantum del programa:1
Termino la ejecucion del programa:1
Error por segmentation fault del programa:1---------------------Nueva ejecucion------------------------------
Escuchando conexiones entrantes de cpus 
Se acepto la conexion de una nueva CPU con socket n°:
IMPRIMIR_VALOR por cpu con socket n°8
Termino un quantum del programa:1
Termino un quantum del programa:1
IMPRIMIR_VALOR por cpu con socket n°8
Termino un quantum del programa:1
Termino un quantum del programa:1
IMPRIMIR_VALOR por cpu con socket n°8
Termino un quantum del programa:1
IMPRIMIR_VALOR por cpu con socket n°8
Termino un quantum del programa:1
Termino un quantum del programa:1
IMPRIMIR_VALOR por cpu con socket n°8
Termino un quantum del programa:1
Termino un quantum del programa:1
IMPRIMIR_VALOR por cpu con socket n°8
Termino un quantum del programa:1
IMPRIMIR_VALOR por cpu con socket n°8
Termino un quantum del programa:1
Termino un quantum del programa:1
IMPRIMIR_VALOR por cpu con socket n°8
Termino un quantum del programa:1
Termino un quantum del programa:1
IMPRIMIR_VALOR por cpu con socket n°8
Termino un quantum del programa:1
IMPRIMIR_VALOR por cpu con socket n°8
Termino un quantum del programa:1
Termino un quantum del programa:1
IMPRIMIR_VALOR por cpu con socket n°8
Termino un quantum del programa:1
Termino la ejecucion del programa:1
Error por segmentation fault del programa:1IMPRIMIR_TEXTO por cpu con socket n°8
IMPRIMIR_TEXTO por cpu con socket n°8
Termino la ejecucion del programa:2
Error por segmentation fault del programa:2IMPRIMIR_VALOR por cpu con socket n°8
Termino un quantum del programa:3
Termino un quantum del programa:3
IMPRIMIR_VALOR por cpu con socket n°8
Termino un quantum del programa:3
Termino un quantum del programa:3
IMPRIMIR_VALOR por cpu con socket n°8
Termino un quantum del programa:3
IMPRIMIR_VALOR por cpu con socket n°8
Termino un quantum del programa:3
Termino un quantum del programa:3
IMPRIMIR_VALOR por cpu con socket n°8
Termino un quantum del programa:3
Termino un quantum del programa:3
IMPRIMIR_VALOR por cpu con socket n°8
Termino un quantum del programa:3
IMPRIMIR_VALOR por cpu con socket n°8
Termino un quantum del programa:3
Termino un quantum del programa:3
IMPRIMIR_VALOR por cpu con socket n°8
Termino un quantum del programa:3
Termino un quantum del programa:3
IMPRIMIR_VALOR por cpu con socket n°8
Termino un quantum del programa:3
IMPRIMIR_VALOR por cpu con socket n°8
Termino un quantum del programa:3
Termino un quantum del programa:3
IMPRIMIR_VALOR por cpu con socket n°8
Termino un quantum del programa:3
Termino la ejecucion del programa:3
Error por segmentation fault del programa:3Termino un quantum del programa:4
IMPRIMIR_TEXTO por cpu con socket n°8
IMPRIMIR_TEXTO por cpu con socket n°8
IMPRIMIR_TEXTO por cpu con socket n°8
Termino la ejecucion del programa:4
Error por segmentation fault del programa:4Termino un quantum del programa:5
IMPRIMIR_TEXTO por cpu con socket n°8
IMPRIMIR_TEXTO por cpu con socket n°8
IMPRIMIR_TEXTO por cpu con socket n°8
Termino la ejecucion del programa:5
Error por segmentation fault del programa:5GRABAR VALOR por cpu con socket n°:8
Termino un quantum del programa:6
OBTENER VALOR por cpu con socket n°:8
IMPRIMIR_VALOR por cpu con socket n°8
OBTENER VALOR por cpu con socket n°:8
Termino un quantum del programa:6
IMPRIMIR_VALOR por cpu con socket n°8
Termino un quantum del programa:6
OBTENER VALOR por cpu con socket n°:8
Termino un quantum del programa:6
---------------------Nueva ejecucion------------------------------
Escuchando conexiones entrantes de cpus 
Se acepto la conexion de una nueva CPU con socket n°:
GRABAR VALOR por cpu con socket n°:8
Termino un quantum del programa:1
OBTENER VALOR por cpu con socket n°:8
IMPRIMIR_VALOR por cpu con socket n°8
OBTENER VALOR por cpu con socket n°:8
Termino un quantum del programa:1
IMPRIMIR_VALOR por cpu con socket n°8
Termino un quantum del programa:1
OBTENER VALOR por cpu con socket n°:8
Termino un quantum del programa:1
---------------------Nueva ejecucion------------------------------
Escuchando conexiones entrantes de cpus 
Se acepto la conexion de una nueva CPU con socket n°:
Termino un quantum del programa:1
IMPRIMIR_TEXTO por cpu con socket n°8
IMPRIMIR_TEXTO por cpu con socket n°8
IMPRIMIR_TEXTO por cpu con socket n°8
Termino la ejecucion del programa:1
Error por segmentation fault del programa:1---------------------Nueva ejecucion------------------------------
Escuchando conexiones entrantes de cpus 
Se acepto la conexion de una nueva CPU con socket n°:
Termino un quantum del programa:1
IMPRIMIR_TEXTO por cpu con socket n°8
IMPRIMIR_TEXTO por cpu con socket n°8
IMPRIMIR_TEXTO por cpu con socket n°8
Termino la ejecucion del programa:1
Error por segmentation fault del programa:1Termino un quantum del programa:2
IMPRIMIR_TEXTO por cpu con socket n°8
IMPRIMIR_TEXTO por cpu con socket n°8
IMPRIMIR_TEXTO por cpu con socket n°8
Termino la ejecucion del programa:2
Error por segmentation fault del programa:2---------------------Nueva ejecucion------------------------------
Escuchando conexiones entrantes de cpus 
Se acepto la conexion de una nueva CPU con socket n°:
Termino un quantum del programa:1
IMPRIMIR_TEXTO por cpu con socket n°8
IMPRIMIR_TEXTO por cpu con socket n°8
IMPRIMIR_TEXTO por cpu con socket n°8
Termino la ejecucion del programa:1
Error por segmentation fault del programa:1---------------------Nueva ejecucion------------------------------
Escuchando conexiones entrantes de cpus 
Se acepto la conexion de una nueva CPU con socket n°:
Termino un quantum del programa:1
IMPRIMIR_TEXTO por cpu con socket n°8
IMPRIMIR_TEXTO por cpu con socket n°8
IMPRIMIR_TEXTO por cpu con socket n°8
Termino la ejecucion del programa:1
Error por segmentation fault del programa:1Termino un quantum del programa:2
IMPRIMIR_TEXTO por cpu con socket n°8
IMPRIMIR_TEXTO por cpu con socket n°8
IMPRIMIR_TEXTO por cpu con socket n°8
Termino la ejecucion del programa:2
Error por segmentation fault del programa:2---------------------Nueva ejecucion------------------------------
Escuchando conexiones entrantes de cpus 
Se acepto la conexion de una nueva CPU con socket n°:
Termino un quantum del programa:1
IMPRIMIR_TEXTO por cpu con socket n°8
IMPRIMIR_TEXTO por cpu con socket n°8
IMPRIMIR_TEXTO por cpu con socket n°8
Termino la ejecucion del programa:1
Error por segmentation fault del programa:1---------------------Nueva ejecucion------------------------------
Escuchando conexiones entrantes de cpus 
Se acepto la conexion de una nueva CPU con socket n°:
Termino un quantum del programa:1
IMPRIMIR_TEXTO por cpu con socket n°8
IMPRIMIR_TEXTO por cpu con socket n°8
IMPRIMIR_TEXTO por cpu con socket n°8
Termino la ejecucion del programa:1
Error por segmentation fault del programa:1---------------------Nueva ejecucion------------------------------
Escuchando conexiones entrantes de cpus 
Se acepto la conexion de una nueva CPU con socket n°:
---------------------Nueva ejecucion------------------------------
Escuchando conexiones entrantes de cpus 
Se acepto la conexion de una nueva CPU con socket n°:
---------------------Nueva ejecucion------------------------------
Escuchando conexiones entrantes de cpus 
Se acepto la conexion de una nueva CPU con socket n°:
---------------------Nueva ejecucion------------------------------
Escuchando conexiones entrantes de cpus 
Se acepto la conexion de una nueva CPU con socket n°:
Termino un quantum del programa:1
IMPRIMIR_TEXTO por cpu con socket n°8
IMPRIMIR_TEXTO por cpu con socket n°8
IMPRIMIR_TEXTO por cpu con socket n°8
Termino la ejecucion del programa:1
Error por segmentation fault del programa:1---------------------Nueva ejecucion------------------------------
Escuchando conexiones entrantes de cpus 
Se acepto la conexion de una nueva CPU con socket n°:
Termino un quantum del programa:1
IMPRIMIR_TEXTO por cpu con socket n°8
IMPRIMIR_TEXTO por cpu con socket n°8
IMPRIMIR_TEXTO por cpu con socket n°8
Termino la ejecucion del programa:1
Error por segmentation fault del programa:1---------------------Nueva ejecucion------------------------------
Escuchando conexiones entrantes de cpus 
Se acepto la conexion de una nueva CPU con socket n°:
Termino un quantum del programa:1
IMPRIMIR_TEXTO por cpu con socket n°9
IMPRIMIR_TEXTO por cpu con socket n°9
IMPRIMIR_TEXTO por cpu con socket n°9
Termino la ejecucion del programa:1
Error por segmentation fault del programa:1---------------------Nueva ejecucion------------------------------
Escuchando conexiones entrantes de cpus 
Se acepto la conexion de una nueva CPU con socket n°:
Termino un quantum del programa:1
IMPRIMIR_TEXTO por cpu con socket n°9
IMPRIMIR_TEXTO por cpu con socket n°9
IMPRIMIR_TEXTO por cpu con socket n°9
Termino la ejecucion del programa:1
Error por segmentation fault del programa:1---------------------Nueva ejecucion------------------------------
Escuchando conexiones entrantes de cpus 
Se acepto la conexion de una nueva CPU con socket n°:
Cerro la conexion el cpu con socket n°:8
---------------------Nueva ejecucion------------------------------
Escuchando conexiones entrantes de cpus 
Se acepto la conexion de una nueva CPU con socket n°:
Termino un quantum del programa:1
IMPRIMIR_TEXTO por cpu con socket n°8
IMPRIMIR_TEXTO por cpu con socket n°8
IMPRIMIR_TEXTO por cpu con socket n°8
Termino la ejecucion del programa:1
Error por segmentation fault del programa:1Termino un quantum del programa:2
IMPRIMIR_TEXTO por cpu con socket n°8
IMPRIMIR_TEXTO por cpu con socket n°8
IMPRIMIR_TEXTO por cpu con socket n°8
Termino la ejecucion del programa:2
Error por segmentation fault del programa:2---------------------Nueva ejecucion------------------------------
---------------------Nueva ejecucion------------------------------
Escuchando conexiones entrantes de cpus 
Se acepto la conexion de una nueva CPU con socket n°:
Termino un quantum del programa:1
IMPRIMIR_TEXTO por cpu con socket n°8
IMPRIMIR_TEXTO por cpu con socket n°8
IMPRIMIR_TEXTO por cpu con socket n°8
Termino la ejecucion del programa:1
Error por segmentation fault del programa:1Termino un quantum del programa:2
IMPRIMIR_TEXTO por cpu con socket n°8
IMPRIMIR_TEXTO por cpu con socket n°8
IMPRIMIR_TEXTO por cpu con socket n°8
Termino la ejecucion del programa:2
Error por segmentation fault del programa:2Termino un quantum del programa:3
IMPRIMIR_TEXTO por cpu con socket n°8
IMPRIMIR_TEXTO por cpu con socket n°8
IMPRIMIR_TEXTO por cpu con socket n°8
Termino la ejecucion del programa:3
Error por segmentation fault del programa:3Termino un quantum del programa:4
IMPRIMIR_TEXTO por cpu con socket n°8
IMPRIMIR_TEXTO por cpu con socket n°8
IMPRIMIR_TEXTO por cpu con socket n°8
Termino la ejecucion del programa:4
Error por segmentation fault del programa:4Termino un quantum del programa:5
IMPRIMIR_TEXTO por cpu con socket n°8
IMPRIMIR_TEXTO por cpu con socket n°8
IMPRIMIR_TEXTO por cpu con socket n°8
Termino la ejecucion del programa:5
Error por segmentation fault del programa:5---------------------Nueva ejecucion------------------------------
Escuchando conexiones entrantes de cpus 
Se acepto la conexion de una nueva CPU con socket n°:
Termino un quantum del programa:1
IMPRIMIR_TEXTO por cpu con socket n°8
IMPRIMIR_TEXTO por cpu con socket n°8
IMPRIMIR_TEXTO por cpu con socket n°8
Termino la ejecucion del programa:1
Error por segmentation fault del programa:1---------------------Nueva ejecucion------------------------------
Escuchando conexiones entrantes de cpus 
Se acepto la conexion de una nueva CPU con socket n°:
Termino un quantum del programa:1
IMPRIMIR_TEXTO por cpu con socket n°8
IMPRIMIR_TEXTO por cpu con socket n°8
IMPRIMIR_TEXTO por cpu con socket n°8
Termino la ejecucion del programa:1
Error por segmentation fault del programa:1---------------------Nueva ejecucion------------------------------
Escuchando conexiones entrantes de cpus 
Se acepto la conexion de una nueva CPU con socket n°:
Termino un quantum del programa:1
IMPRIMIR_TEXTO por cpu con socket n°8
IMPRIMIR_TEXTO por cpu con socket n°8
IMPRIMIR_TEXTO por cpu con socket n°8
Termino la ejecucion del programa:1
Error por segmentation fault del programa:1---------------------Nueva ejecucion------------------------------
Escuchando conexiones entrantes de cpus 
Se acepto la conexion de una nueva CPU con socket n°:
Termino un quantum del programa:1
IMPRIMIR_TEXTO por cpu con socket n°8
IMPRIMIR_TEXTO por cpu con socket n°8
IMPRIMIR_TEXTO por cpu con socket n°8
Termino la ejecucion del programa:1
Error por segmentation fault del programa:1Termino un quantum del programa:2
IMPRIMIR_TEXTO por cpu con socket n°8
IMPRIMIR_TEXTO por cpu con socket n°8
IMPRIMIR_TEXTO por cpu con socket n°8
Termino la ejecucion del programa:2
Error por segmentation fault del programa:2Termino un quantum del programa:3
IMPRIMIR_TEXTO por cpu con socket n°8
IMPRIMIR_TEXTO por cpu con socket n°8
IMPRIMIR_TEXTO por cpu con socket n°8
Termino la ejecucion del programa:3
Error por segmentation fault del programa:3IMPRIMIR_VALOR por cpu con socket n°8
Termino un quantum del programa:4
Termino un quantum del programa:4
IMPRIMIR_VALOR por cpu con socket n°8
Termino un quantum del programa:4
Termino un quantum del programa:4
IMPRIMIR_VALOR por cpu con socket n°8
Termino un quantum del programa:4
IMPRIMIR_VALOR por cpu con socket n°8
Termino un quantum del programa:4
Termino un quantum del programa:4
IMPRIMIR_VALOR por cpu con socket n°8
Termino un quantum del programa:4
Termino un quantum del programa:4
IMPRIMIR_VALOR por cpu con socket n°8
Termino un quantum del programa:4
IMPRIMIR_VALOR por cpu con socket n°8
Termino un quantum del programa:4
Termino un quantum del programa:4
IMPRIMIR_VALOR por cpu con socket n°8
Termino un quantum del programa:4
Termino un quantum del programa:4
IMPRIMIR_VALOR por cpu con socket n°8
Termino un quantum del programa:4
IMPRIMIR_VALOR por cpu con socket n°8
Termino un quantum del programa:4
Termino un quantum del programa:4
IMPRIMIR_VALOR por cpu con socket n°8
Termino un quantum del programa:4
Termino la ejecucion del programa:4
Error por segmentation fault del programa:4Termino un quantum del programa:8
IMPRIMIR_TEXTO por cpu con socket n°8
IMPRIMIR_TEXTO por cpu con socket n°8
IMPRIMIR_TEXTO por cpu con socket n°8
Termino la ejecucion del programa:8
Error por segmentation fault del programa:8Termino un quantum del programa:9
IMPRIMIR_TEXTO por cpu con socket n°8
IMPRIMIR_TEXTO por cpu con socket n°8
IMPRIMIR_TEXTO por cpu con socket n°8
Termino la ejecucion del programa:9
Error por segmentation fault del programa:9Termino un quantum del programa:10
IMPRIMIR_TEXTO por cpu con socket n°8
IMPRIMIR_TEXTO por cpu con socket n°8
IMPRIMIR_TEXTO por cpu con socket n°8
Termino la ejecucion del programa:10
Error por segmentation fault del programa:10Termino un quantum del programa:11
IMPRIMIR_TEXTO por cpu con socket n°8
IMPRIMIR_TEXTO por cpu con socket n°8
IMPRIMIR_TEXTO por cpu con socket n°8
Termino la ejecucion del programa:11
Error por segmentation fault del programa:11Termino un quantum del programa:12
IMPRIMIR_TEXTO por cpu con socket n°8
IMPRIMIR_TEXTO por cpu con socket n°8
IMPRIMIR_TEXTO por cpu con socket n°8
Termino la ejecucion del programa:12
Error por segmentation fault del programa:12Termino un quantum del programa:13
IMPRIMIR_TEXTO por cpu con socket n°8
IMPRIMIR_TEXTO por cpu con socket n°8
IMPRIMIR_TEXTO por cpu con socket n°8
Termino la ejecucion del programa:13
Error por segmentation fault del programa:13Termino un quantum del programa:14
IMPRIMIR_TEXTO por cpu con socket n°8
IMPRIMIR_TEXTO por cpu con socket n°8
IMPRIMIR_TEXTO por cpu con socket n°8
Termino la ejecucion del programa:14
Error por segmentation fault del programa:14Termino un quantum del programa:15
IMPRIMIR_TEXTO por cpu con socket n°8
IMPRIMIR_TEXTO por cpu con socket n°8
IMPRIMIR_TEXTO por cpu con socket n°8
Termino la ejecucion del programa:15
Error por segmentation fault del programa:15Termino un quantum del programa:16
IMPRIMIR_TEXTO por cpu con socket n°8
IMPRIMIR_TEXTO por cpu con socket n°8
IMPRIMIR_TEXTO por cpu con socket n°8
Termino la ejecucion del programa:16
Error por segmentation fault del programa:16Termino un quantum del programa:17
IMPRIMIR_TEXTO por cpu con socket n°8
IMPRIMIR_TEXTO por cpu con socket n°8
IMPRIMIR_TEXTO por cpu con socket n°8
Termino la ejecucion del programa:17
Error por segmentation fault del programa:17Termino un quantum del programa:18
IMPRIMIR_TEXTO por cpu con socket n°8
IMPRIMIR_TEXTO por cpu con socket n°8
IMPRIMIR_TEXTO por cpu con socket n°8
Termino la ejecucion del programa:18
Error por segmentation fault del programa:18Termino un quantum del programa:19
IMPRIMIR_TEXTO por cpu con socket n°8
IMPRIMIR_TEXTO por cpu con socket n°8
IMPRIMIR_TEXTO por cpu con socket n°8
Termino la ejecucion del programa:19
Error por segmentation fault del programa:19Termino un quantum del programa:20
IMPRIMIR_TEXTO por cpu con socket n°8
IMPRIMIR_TEXTO por cpu con socket n°8
IMPRIMIR_TEXTO por cpu con socket n°8
Termino la ejecucion del programa:20
Error por segmentation fault del programa:20Termino un quantum del programa:21
IMPRIMIR_TEXTO por cpu con socket n°8
IMPRIMIR_TEXTO por cpu con socket n°8
IMPRIMIR_TEXTO por cpu con socket n°8
Termino la ejecucion del programa:21
Error por segmentation fault del programa:21Termino un quantum del programa:22
IMPRIMIR_TEXTO por cpu con socket n°8
IMPRIMIR_TEXTO por cpu con socket n°8
IMPRIMIR_TEXTO por cpu con socket n°8
Termino la ejecucion del programa:22
Error por segmentation fault del programa:22Termino un quantum del programa:23
IMPRIMIR_TEXTO por cpu con socket n°8
IMPRIMIR_TEXTO por cpu con socket n°8
IMPRIMIR_TEXTO por cpu con socket n°8
Termino la ejecucion del programa:23
Error por segmentation fault del programa:23Termino un quantum del programa:24
IMPRIMIR_TEXTO por cpu con socket n°8
IMPRIMIR_TEXTO por cpu con socket n°8
IMPRIMIR_TEXTO por cpu con socket n°8
Termino la ejecucion del programa:24
Error por segmentation fault del programa:24Termino un quantum del programa:25
IMPRIMIR_TEXTO por cpu con socket n°8
IMPRIMIR_TEXTO por cpu con socket n°8
IMPRIMIR_TEXTO por cpu con socket n°8
Termino la ejecucion del programa:25
Error por segmentation fault del programa:25Termino un quantum del programa:26
IMPRIMIR_TEXTO por cpu con socket n°8
IMPRIMIR_TEXTO por cpu con socket n°8
IMPRIMIR_TEXTO por cpu con socket n°8
Termino la ejecucion del programa:26
Error por segmentation fault del programa:26Termino un quantum del programa:27
IMPRIMIR_TEXTO por cpu con socket n°8
IMPRIMIR_TEXTO por cpu con socket n°8
IMPRIMIR_TEXTO por cpu con socket n°8
Termino la ejecucion del programa:27
Error por segmentation fault del programa:27Termino un quantum del programa:28
IMPRIMIR_TEXTO por cpu con socket n°8
IMPRIMIR_TEXTO por cpu con socket n°8
IMPRIMIR_TEXTO por cpu con socket n°8
Termino la ejecucion del programa:28
Error por segmentation fault del programa:28Termino un quantum del programa:29
IMPRIMIR_TEXTO por cpu con socket n°8
IMPRIMIR_TEXTO por cpu con socket n°8
IMPRIMIR_TEXTO por cpu con socket n°8
Termino la ejecucion del programa:29
Error por segmentation fault del programa:29Termino un quantum del programa:30
IMPRIMIR_TEXTO por cpu con socket n°8
IMPRIMIR_TEXTO por cpu con socket n°8
IMPRIMIR_TEXTO por cpu con socket n°8
Termino la ejecucion del programa:30
Error por segmentation fault del programa:30Termino un quantum del programa:31
IMPRIMIR_TEXTO por cpu con socket n°8
IMPRIMIR_TEXTO por cpu con socket n°8
IMPRIMIR_TEXTO por cpu con socket n°8
Termino la ejecucion del programa:31
Error por segmentation fault del programa:31---------------------Nueva ejecucion------------------------------
Escuchando conexiones entrantes de cpus 
Se acepto la conexion de una nueva CPU con socket n°:
Termino un quantum del programa:1
---------------------Nueva ejecucion------------------------------
Escuchando conexiones entrantes de cpus 
Se acepto la conexion de una nueva CPU con socket n°:
Termino un quantum del programa:1
IMPRIMIR_TEXTO por cpu con socket n°9
IMPRIMIR_TEXTO por cpu con socket n°9
IMPRIMIR_TEXTO por cpu con socket n°9
IMPRIMIR_TEXTO por cpu con socket n°9
Termino la ejecucion del programa:1
Error por segmentation fault del programa:1---------------------Nueva ejecucion------------------------------
Escuchando conexiones entrantes de cpus 
Se acepto la conexion de una nueva CPU con socket n°:
Termino un quantum del programa:1
IMPRIMIR_TEXTO por cpu con socket n°8
IMPRIMIR_TEXTO por cpu con socket n°8
IMPRIMIR_TEXTO por cpu con socket n°8
Termino la ejecucion del programa:1
Error por segmentation fault del programa:1Cerro la conexion el cpu con socket n°:8
Se acepto la conexion de una nueva CPU con socket n°:
Cerro la conexion el cpu con socket n°:8
Se acepto la conexion de una nueva CPU con socket n°:
Termino un quantum del programa:2
IMPRIMIR_TEXTO por cpu con socket n°8
IMPRIMIR_TEXTO por cpu con socket n°8
IMPRIMIR_TEXTO por cpu con socket n°8
Termino la ejecucion del programa:2
Error por segmentation fault del programa:2Termino un quantum del programa:3
IMPRIMIR_TEXTO por cpu con socket n°8
IMPRIMIR_TEXTO por cpu con socket n°8
IMPRIMIR_TEXTO por cpu con socket n°8
Termino la ejecucion del programa:3
Error por segmentation fault del programa:3Cerro la conexion el cpu con socket n°:8
Se acepto la conexion de una nueva CPU con socket n°:
Termino un quantum del programa:4
IMPRIMIR_TEXTO por cpu con socket n°8
IMPRIMIR_TEXTO por cpu con socket n°8
IMPRIMIR_TEXTO por cpu con socket n°8
Termino la ejecucion del programa:4
Error por segmentation fault del programa:4Cerro la conexion el cpu con socket n°:8
Se acepto la conexion de una nueva CPU con socket n°:
Termino un quantum del programa:5
IMPRIMIR_TEXTO por cpu con socket n°8
IMPRIMIR_TEXTO por cpu con socket n°8
IMPRIMIR_TEXTO por cpu con socket n°8
Termino la ejecucion del programa:5
Error por segmentation fault del programa:5Termino un quantum del programa:6
IMPRIMIR_TEXTO por cpu con socket n°8
IMPRIMIR_TEXTO por cpu con socket n°8
IMPRIMIR_TEXTO por cpu con socket n°8
Termino la ejecucion del programa:6
Error por segmentation fault del programa:6Termino un quantum del programa:7
IMPRIMIR_TEXTO por cpu con socket n°8
IMPRIMIR_TEXTO por cpu con socket n°8
IMPRIMIR_TEXTO por cpu con socket n°8
Termino la ejecucion del programa:7
Error por segmentation fault del programa:7---------------------Nueva ejecucion------------------------------
Escuchando conexiones entrantes de cpus 
Se acepto la conexion de una nueva CPU con socket n°:
Termino un quantum del programa:1
IMPRIMIR_TEXTO por cpu con socket n°8
Cerro la conexion el cpu con socket n°:8
---------------------Nueva ejecucion------------------------------
Escuchando conexiones entrantes de cpus 
Se acepto la conexion de una nueva CPU con socket n°:
Cerro la conexion el cpu con socket n°:8
Se acepto la conexion de una nueva CPU con socket n°:
Termino un quantum del programa:1
IMPRIMIR_TEXTO por cpu con socket n°8
Cerro la conexion el cpu con socket n°:8
---------------------Nueva ejecucion------------------------------
Escuchando conexiones entrantes de cpus 
Se acepto la conexion de una nueva CPU con socket n°:
Cerro la conexion el cpu con socket n°:8
---------------------Nueva ejecucion------------------------------
Escuchando conexiones entrantes de cpus 
Se acepto la conexion de una nueva CPU con socket n°:
Termino un quantum del programa:1
IMPRIMIR_TEXTO por cpu con socket n°8
Cerro la conexion el cpu con socket n°:8
Se acepto la conexion de una nueva CPU con socket n°:
Termino un quantum del programa:2
IMPRIMIR_TEXTO por cpu con socket n°8
Cerro la conexion el cpu con socket n°:8
---------------------Nueva ejecucion------------------------------
Escuchando conexiones entrantes de cpus 
Se acepto la conexion de una nueva CPU con socket n°:
Cerro la conexion el cpu con socket n°:8
Se acepto la conexion de una nueva CPU con socket n°:
---------------------Nueva ejecucion------------------------------
Escuchando conexiones entrantes de cpus 
Se acepto la conexion de una nueva CPU con socket n°:
Termino un quantum del programa:1
IMPRIMIR_TEXTO por cpu con socket n°8
IMPRIMIR_TEXTO por cpu con socket n°8
IMPRIMIR_TEXTO por cpu con socket n°8
Termino la ejecucion del programa:1
Error por segmentation fault del programa:1Termino un quantum del programa:2
IMPRIMIR_TEXTO por cpu con socket n°8
IMPRIMIR_TEXTO por cpu con socket n°8
IMPRIMIR_TEXTO por cpu con socket n°8
Termino la ejecucion del programa:2
Error por segmentation fault del programa:2Cerro la conexion el cpu con socket n°:8
---------------------Nueva ejecucion------------------------------
Escuchando conexiones entrantes de cpus 
Se acepto la conexion de una nueva CPU con socket n°:
Termino un quantum del programa:1
IMPRIMIR_TEXTO por cpu con socket n°8
IMPRIMIR_TEXTO por cpu con socket n°8
IMPRIMIR_TEXTO por cpu con socket n°8
Termino la ejecucion del programa:1
Error por segmentation fault del programa:1Cerro la conexion el cpu con socket n°:8
---------------------Nueva ejecucion------------------------------
Escuchando conexiones entrantes de cpus 
Se acepto la conexion de una nueva CPU con socket n°:
Cerro la conexion con la senial SIGUSR1 el cpu con socket n°:8
Se acepto la conexion de una nueva CPU con socket n°:
Cerro la conexion con la senial SIGUSR1 el cpu con socket n°:8
Se acepto la conexion de una nueva CPU con socket n°:
Cerro la conexion con la senial SIGUSR1 el cpu con socket n°:8
Se acepto la conexion de una nueva CPU con socket n°:
Cerro la conexion con la senial SIGUSR1 el cpu con socket n°:8
Se acepto la conexion de una nueva CPU con socket n°:
IMPRIMIR_VALOR por cpu con socket n°8
Termino un quantum del programa:1
Cerro la conexion con la senial SIGUSR1 el cpu con socket n°:8
Se acepto la conexion de una nueva CPU con socket n°:
---------------------Nueva ejecucion------------------------------
Escuchando conexiones entrantes de cpus 
Se acepto la conexion de una nueva CPU con socket n°:
IMPRIMIR_VALOR por cpu con socket n°8
Termino un quantum del programa:1
Termino un quantum del programa:1
IMPRIMIR_VALOR por cpu con socket n°8
Termino un quantum del programa:1
Termino un quantum del programa:1
IMPRIMIR_VALOR por cpu con socket n°8
Termino un quantum del programa:1
IMPRIMIR_VALOR por cpu con socket n°8
Termino un quantum del programa:1
Termino un quantum del programa:1
IMPRIMIR_VALOR por cpu con socket n°8
Termino un quantum del programa:1
Termino un quantum del programa:1
IMPRIMIR_VALOR por cpu con socket n°8
Termino un quantum del programa:1
IMPRIMIR_VALOR por cpu con socket n°8
Termino un quantum del programa:1
Termino un quantum del programa:1
IMPRIMIR_VALOR por cpu con socket n°8
Termino un quantum del programa:1
Termino un quantum del programa:1
IMPRIMIR_VALOR por cpu con socket n°8
Termino un quantum del programa:1
Cerro la conexion el cpu con socket n°:8
Se acepto la conexion de una nueva CPU con socket n°:
IMPRIMIR_VALOR por cpu con socket n°10
Termino un quantum del programa:2
Termino un quantum del programa:2
IMPRIMIR_VALOR por cpu con socket n°10
Termino un quantum del programa:2
Cerro la conexion el cpu con socket n°:10
Se acepto la conexion de una nueva CPU con socket n°:
IMPRIMIR_VALOR por cpu con socket n°11
Termino un quantum del programa:3
Termino un quantum del programa:3
IMPRIMIR_VALOR por cpu con socket n°11
Cerro la conexion el cpu con socket n°:11
Se acepto la conexion de una nueva CPU con socket n°:
IMPRIMIR_VALOR por cpu con socket n°11
Termino un quantum del programa:4
Cerro la conexion con la senial SIGUSR1 el cpu con socket n°:11
Se acepto la conexion de una nueva CPU con socket n°:
Cerro la conexion el cpu con socket n°:11
Se acepto la conexion de una nueva CPU con socket n°:
---------------------Nueva ejecucion------------------------------
Escuchando conexiones entrantes de cpus 
Se acepto la conexion de una nueva CPU con socket n°:
Cerro la conexion con la senial SIGUSR1 el cpu con socket n°:8
Se acepto la conexion de una nueva CPU con socket n°:
IMPRIMIR_VALOR por cpu con socket n°8
Termino un quantum del programa:1
Termino un quantum del programa:1
IMPRIMIR_VALOR por cpu con socket n°8
Termino un quantum del programa:1
Termino un quantum del programa:1
IMPRIMIR_VALOR por cpu con socket n°8
Termino un quantum del programa:1
IMPRIMIR_VALOR por cpu con socket n°8
Termino un quantum del programa:1
Termino un quantum del programa:1
IMPRIMIR_VALOR por cpu con socket n°8
Termino un quantum del programa:1
Termino un quantum del programa:1
IMPRIMIR_VALOR por cpu con socket n°8
Termino un quantum del programa:1
IMPRIMIR_VALOR por cpu con socket n°8
Termino un quantum del programa:1
Termino un quantum del programa:1
IMPRIMIR_VALOR por cpu con socket n°8
Termino un quantum del programa:1
Termino un quantum del programa:1
IMPRIMIR_VALOR por cpu con socket n°8
Termino un quantum del programa:1
IMPRIMIR_VALOR por cpu con socket n°8
Termino un quantum del programa:1
Termino un quantum del programa:1
IMPRIMIR_VALOR por cpu con socket n°8
Termino un quantum del programa:1
Termino la ejecucion del programa:1
Error por segmentation fault del programa:1Cerro la conexion el cpu con socket n°:8
Se acepto la conexion de una nueva CPU con socket n°:
IMPRIMIR_VALOR por cpu con socket n°8
Termino un quantum del programa:2
Cerro la conexion con la senial SIGUSR1 el cpu con socket n°:8
---------------------Nueva ejecucion------------------------------
Escuchando conexiones entrantes de cpus 
Se acepto la conexion de una nueva CPU con socket n°:
Cerro la conexion con la senial SIGUSR1 el cpu con socket n°:8
Se acepto la conexion de una nueva CPU con socket n°:
IMPRIMIR_VALOR por cpu con socket n°8
Termino un quantum del programa:1
Termino un quantum del programa:1
Cerro la conexion con la senial SIGUSR1 el cpu con socket n°:8
Se acepto la conexion de una nueva CPU con socket n°:
IMPRIMIR_VALOR por cpu con socket n°8
Termino un quantum del programa:1
Termino un quantum del programa:1
IMPRIMIR_VALOR por cpu con socket n°8
Termino un quantum del programa:1
IMPRIMIR_VALOR por cpu con socket n°8
Termino un quantum del programa:1
Termino un quantum del programa:1
IMPRIMIR_VALOR por cpu con socket n°8
Cerro la conexion el cpu con socket n°:8
Se acepto la conexion de una nueva CPU con socket n°:
Cerro la conexion con la senial SIGUSR1 el cpu con socket n°:8
Se acepto la conexion de una nueva CPU con socket n°:
IMPRIMIR_VALOR por cpu con socket n°8
Termino un quantum del programa:2
Termino un quantum del programa:2
IMPRIMIR_VALOR por cpu con socket n°8
Termino un quantum del programa:2
Termino un quantum del programa:2
Cerro la conexion con la senial SIGUSR1 el cpu con socket n°:8
Se acepto la conexion de una nueva CPU con socket n°:
Cerro la conexion el cpu con socket n°:8
Se acepto la conexion de una nueva CPU con socket n°:
IMPRIMIR_VALOR por cpu con socket n°8
Termino un quantum del programa:3
Termino un quantum del programa:3
IMPRIMIR_VALOR por cpu con socket n°8
Termino un quantum del programa:3
Termino un quantum del programa:3
IMPRIMIR_VALOR por cpu con socket n°8
Termino un quantum del programa:3
IMPRIMIR_VALOR por cpu con socket n°8
Termino un quantum del programa:3
Termino un quantum del programa:3
IMPRIMIR_VALOR por cpu con socket n°8
Termino un quantum del programa:3
Termino un quantum del programa:3
IMPRIMIR_VALOR por cpu con socket n°8
Termino un quantum del programa:3
IMPRIMIR_VALOR por cpu con socket n°8
Termino un quantum del programa:3
Termino un quantum del programa:3
IMPRIMIR_VALOR por cpu con socket n°8
Termino un quantum del programa:3
Termino un quantum del programa:3
IMPRIMIR_VALOR por cpu con socket n°8
Termino un quantum del programa:3
IMPRIMIR_VALOR por cpu con socket n°8
Termino un quantum del programa:3
Termino un quantum del programa:3
IMPRIMIR_VALOR por cpu con socket n°8
Termino un quantum del programa:3
Termino la ejecucion del programa:3
Error por segmentation fault del programa:3Cerro la conexion el cpu con socket n°:8
Se acepto la conexion de una nueva CPU con socket n°:
IMPRIMIR_VALOR por cpu con socket n°8
Termino un quantum del programa:4
Cerro la conexion con la senial SIGUSR1 el cpu con socket n°:8
---------------------Nueva ejecucion------------------------------
Escuchando conexiones entrantes de cpus 
Se acepto la conexion de una nueva CPU con socket n°:
IMPRIMIR_VALOR por cpu con socket n°8
Termino un quantum del programa:1
Termino un quantum del programa:1
IMPRIMIR_VALOR por cpu con socket n°8
Termino un quantum del programa:1
Termino un quantum del programa:1
IMPRIMIR_VALOR por cpu con socket n°8
Termino un quantum del programa:1
IMPRIMIR_VALOR por cpu con socket n°8
Termino un quantum del programa:1
Cerro la conexion el cpu con socket n°:8
Se acepto la conexion de una nueva CPU con socket n°:
IMPRIMIR_VALOR por cpu con socket n°8
Termino un quantum del programa:2
Termino un quantum del programa:2
Cerro la conexion con la senial SIGUSR1 el cpu con socket n°:8
---------------------Nueva ejecucion------------------------------
Escuchando conexiones entrantes de cpus 
---------------------Nueva ejecucion------------------------------
Escuchando conexiones entrantes de cpus 
Se acepto la conexion de una nueva CPU con socket n°:
IMPRIMIR_VALOR por cpu con socket n°8
Termino un quantum del programa:1
Termino un quantum del programa:1
IMPRIMIR_VALOR por cpu con socket n°8
Termino un quantum del programa:1
Termino un quantum del programa:1
IMPRIMIR_VALOR por cpu con socket n°8
Termino un quantum del programa:1
IMPRIMIR_VALOR por cpu con socket n°8
Termino un quantum del programa:1
Termino un quantum del programa:1
IMPRIMIR_VALOR por cpu con socket n°8
Termino un quantum del programa:1
Termino un quantum del programa:1
IMPRIMIR_VALOR por cpu con socket n°8
Termino un quantum del programa:1
IMPRIMIR_VALOR por cpu con socket n°8
Termino un quantum del programa:1
Termino un quantum del programa:1
IMPRIMIR_VALOR por cpu con socket n°8
Termino un quantum del programa:1
Termino un quantum del programa:1
IMPRIMIR_VALOR por cpu con socket n°8
Termino un quantum del programa:1
IMPRIMIR_VALOR por cpu con socket n°8
Termino un quantum del programa:1
Termino un quantum del programa:1
IMPRIMIR_VALOR por cpu con socket n°8
Termino un quantum del programa:1
Termino la ejecucion del programa:1
Error por segmentation fault del programa:1Cerro la conexion el cpu con socket n°:8
Se acepto la conexion de una nueva CPU con socket n°:
IMPRIMIR_VALOR por cpu con socket n°8
Termino un quantum del programa:2
Termino un quantum del programa:2
IMPRIMIR_VALOR por cpu con socket n°8
Termino un quantum del programa:2
Termino un quantum del programa:2
IMPRIMIR_VALOR por cpu con socket n°8
Termino un quantum del programa:2
IMPRIMIR_VALOR por cpu con socket n°8
Termino un quantum del programa:2
Termino un quantum del programa:2
IMPRIMIR_VALOR por cpu con socket n°8
Termino un quantum del programa:2
Termino un quantum del programa:2
IMPRIMIR_VALOR por cpu con socket n°8
Termino un quantum del programa:2
IMPRIMIR_VALOR por cpu con socket n°8
Termino un quantum del programa:2
Termino un quantum del programa:2
IMPRIMIR_VALOR por cpu con socket n°8
Termino un quantum del programa:2
Termino un quantum del programa:2
IMPRIMIR_VALOR por cpu con socket n°8
Termino un quantum del programa:2
IMPRIMIR_VALOR por cpu con socket n°8
Termino un quantum del programa:2
Termino un quantum del programa:2
IMPRIMIR_VALOR por cpu con socket n°8
Termino un quantum del programa:2
Termino la ejecucion del programa:2
Error por segmentation fault del programa:2Cerro la conexion el cpu con socket n°:8
Se acepto la conexion de una nueva CPU con socket n°:
IMPRIMIR_VALOR por cpu con socket n°8
Termino un quantum del programa:3
Termino un quantum del programa:3
IMPRIMIR_VALOR por cpu con socket n°8
Termino un quantum del programa:3
Termino un quantum del programa:3
IMPRIMIR_VALOR por cpu con socket n°8
Termino un quantum del programa:3
IMPRIMIR_VALOR por cpu con socket n°8
Termino un quantum del programa:3
Termino un quantum del programa:3
IMPRIMIR_VALOR por cpu con socket n°8
Termino un quantum del programa:3
Termino un quantum del programa:3
IMPRIMIR_VALOR por cpu con socket n°8
Termino un quantum del programa:3
IMPRIMIR_VALOR por cpu con socket n°8
Termino un quantum del programa:3
Termino un quantum del programa:3
IMPRIMIR_VALOR por cpu con socket n°8
Termino un quantum del programa:3
Termino un quantum del programa:3
IMPRIMIR_VALOR por cpu con socket n°8
Termino un quantum del programa:3
IMPRIMIR_VALOR por cpu con socket n°8
Termino un quantum del programa:3
Termino un quantum del programa:3
IMPRIMIR_VALOR por cpu con socket n°8
Termino un quantum del programa:3
Termino la ejecucion del programa:3
Error por segmentation fault del programa:3Cerro la conexion el cpu con socket n°:8
Se acepto la conexion de una nueva CPU con socket n°:
IMPRIMIR_VALOR por cpu con socket n°8
Termino un quantum del programa:4
Termino un quantum del programa:4
IMPRIMIR_VALOR por cpu con socket n°8
Termino un quantum del programa:4
Termino un quantum del programa:4
IMPRIMIR_VALOR por cpu con socket n°8
Cerro la conexion con la senial SIGUSR1 el cpu con socket n°:8
---------------------Nueva ejecucion------------------------------
Escuchando conexiones entrantes de cpus 
Se acepto la conexion de una nueva CPU con socket n°:
IMPRIMIR_VALOR por cpu con socket n°8
Termino un quantum del programa:1
Termino un quantum del programa:1
Cerro la conexion el cpu con socket n°:8
Se acepto la conexion de una nueva CPU con socket n°:
IMPRIMIR_VALOR por cpu con socket n°8
Termino un quantum del programa:2
Termino un quantum del programa:2
IMPRIMIR_VALOR por cpu con socket n°8
Termino un quantum del programa:2
Termino un quantum del programa:2
IMPRIMIR_VALOR por cpu con socket n°8
Termino un quantum del programa:2
IMPRIMIR_VALOR por cpu con socket n°8
Termino un quantum del programa:2
Termino un quantum del programa:2
Cerro la conexion el cpu con socket n°:8
Se acepto la conexion de una nueva CPU con socket n°:
IMPRIMIR_VALOR por cpu con socket n°8
Termino un quantum del programa:3
Termino un quantum del programa:3
Cerro la conexion el cpu con socket n°:8
Se acepto la conexion de una nueva CPU con socket n°:
IMPRIMIR_VALOR por cpu con socket n°8
Termino un quantum del programa:4
Termino un quantum del programa:4
Cerro la conexion con la senial SIGUSR1 el cpu con socket n°:8
---------------------Nueva ejecucion------------------------------
Escuchando conexiones entrantes de cpus 
Se acepto la conexion de una nueva CPU con socket n°:
Cerro la conexion el cpu con socket n°:8
Se acepto la conexion de una nueva CPU con socket n°:
IMPRIMIR_VALOR por cpu con socket n°8
Termino un quantum del programa:1
Termino un quantum del programa:1
Cerro la conexion con la senial SIGUSR1 el cpu con socket n°:8
---------------------Nueva ejecucion------------------------------
Escuchando conexiones entrantes de cpus 
---------------------Nueva ejecucion------------------------------
Escuchando conexiones entrantes de cpus 
Se acepto la conexion de una nueva CPU con socket n°:
IMPRIMIR_VALOR por cpu con socket n°8
Termino un quantum del programa:1
Termino un quantum del programa:1
IMPRIMIR_VALOR por cpu con socket n°8
Termino un quantum del programa:1
Termino un quantum del programa:1
IMPRIMIR_VALOR por cpu con socket n°8
Termino un quantum del programa:1
IMPRIMIR_VALOR por cpu con socket n°8
Termino un quantum del programa:1
Termino un quantum del programa:1
IMPRIMIR_VALOR por cpu con socket n°8
Cerro la conexion con la senial SIGUSR1 el cpu con socket n°:8
---------------------Nueva ejecucion------------------------------
Escuchando conexiones entrantes de cpus 
Se acepto la conexion de una nueva CPU con socket n°:
IMPRIMIR_VALOR por cpu con socket n°8
Termino un quantum del programa:1
Cerro la conexion con la senial SIGUSR1 el cpu con socket n°:8
---------------------Nueva ejecucion------------------------------
Escuchando conexiones entrantes de cpus 
Se acepto la conexion de una nueva CPU con socket n°:
IMPRIMIR_VALOR por cpu con socket n°8
Termino un quantum del programa:1
Termino un quantum del programa:1
Cerro la conexion con la senial SIGUSR1 el cpu con socket n°:8
---------------------Nueva ejecucion------------------------------
Escuchando conexiones entrantes de cpus 
Se acepto la conexion de una nueva CPU con socket n°:
IMPRIMIR_VALOR por cpu con socket n°8
Termino un quantum del programa:1
Termino un quantum del programa:1
IMPRIMIR_VALOR por cpu con socket n°8
Termino un quantum del programa:1
Termino un quantum del programa:1
IMPRIMIR_VALOR por cpu con socket n°8
Termino un quantum del programa:1
IMPRIMIR_VALOR por cpu con socket n°8
Cerro la conexion con la senial SIGUSR1 el cpu con socket n°:8
Se acepto la conexion de una nueva CPU con socket n°:
Termino un quantum del programa:1
IMPRIMIR_VALOR por cpu con socket n°8
Termino un quantum del programa:1
IMPRIMIR_VALOR por cpu con socket n°8
Termino un quantum del programa:1
Termino un quantum del programa:1
IMPRIMIR_VALOR por cpu con socket n°8
Termino un quantum del programa:1
Termino un quantum del programa:1
IMPRIMIR_VALOR por cpu con socket n°8
Termino un quantum del programa:1
IMPRIMIR_VALOR por cpu con socket n°8
Termino un quantum del programa:1
Termino un quantum del programa:1
IMPRIMIR_VALOR por cpu con socket n°8
Termino un quantum del programa:1
Termino un quantum del programa:1
IMPRIMIR_VALOR por cpu con socket n°8
Termino un quantum del programa:1
Termino la ejecucion del programa:1
Error por segmentation fault del programa:1Cerro la conexion el cpu con socket n°:8
