---------------------Nueva ejecucion------------------------------
Conectado a la UMV 
Escuchando conexiones entrantes de programas 
Se acepto la conexion de un nuevo programa con socket n°:8
9Nuevo programa con socket n°:8
Se creo el pcb para el programa con socket n°:8 , su id es:1
Cerro la conexion el programa con socket n°:8
---------------------Nueva ejecucion------------------------------
Conectado a la UMV 
Escuchando conexiones entrantes de programas 
8Se acepto la conexion de un nuevo programa con socket n°:9
Nuevo programa con socket n°:9
Se creo el pcb para el programa con socket n°:9 , su id es:1
Cerro la conexion el programa con socket n°:9
---------------------Nueva ejecucion------------------------------
Conectado a la UMV 
Escuchando conexiones entrantes de programas 
8Se acepto la conexion de un nuevo programa con socket n°:9
Nuevo programa con socket n°:9
Se creo el pcb para el programa con socket n°:9 , su id es:1
Cerro la conexion el programa con socket n°:9
---------------------Nueva ejecucion------------------------------
Conectado a la UMV 
Escuchando conexiones entrantes de programas 
8Se acepto la conexion de un nuevo programa con socket n°:9
Nuevo programa con socket n°:9
Se creo el pcb para el programa con socket n°:9 , su id es:1
Cerro la conexion el programa con socket n°:9
---------------------Nueva ejecucion------------------------------
Conectado a la UMV 
Escuchando conexiones entrantes de programas 
8Se acepto la conexion de un nuevo programa con socket n°:9
Nuevo programa con socket n°:9
Se creo el pcb para el programa con socket n°:9 , su id es:1
Cerro la conexion el programa con socket n°:9
---------------------Nueva ejecucion------------------------------
Conectado a la UMV 
Escuchando conexiones entrantes de programas 
8Se acepto la conexion de un nuevo programa con socket n°:9
Nuevo programa con socket n°:9
Se creo el pcb para el programa con socket n°:9 , su id es:1
---------------------Nueva ejecucion------------------------------
Conectado a la UMV 
Escuchando conexiones entrantes de programas 
8Se acepto la conexion de un nuevo programa con socket n°:9
Nuevo programa con socket n°:9
Se creo el pcb para el programa con socket n°:9 , su id es:1
Cerro la conexion el programa con socket n°:9
Se acepto la conexion de un nuevo programa con socket n°:9
Nuevo programa con socket n°:9
Se creo el pcb para el programa con socket n°:9 , su id es:2
Cerro la conexion el programa con socket n°:9
Se acepto la conexion de un nuevo programa con socket n°:9
Nuevo programa con socket n°:9
Se creo el pcb para el programa con socket n°:9 , su id es:3
Cerro la conexion el programa con socket n°:9
Se acepto la conexion de un nuevo programa con socket n°:9
Nuevo programa con socket n°:9
Se creo el pcb para el programa con socket n°:9 , su id es:4
Cerro la conexion el programa con socket n°:9
---------------------Nueva ejecucion------------------------------
---------------------Nueva ejecucion------------------------------
---------------------Nueva ejecucion------------------------------
Conectado a la UMV 
Escuchando conexiones entrantes de programas 
8Se acepto la conexion de un nuevo programa con socket n°:9
Nuevo programa con socket n°:9
Se creo el pcb para el programa con socket n°:9 , su id es:1
Cerro la conexion el programa con socket n°:9
---------------------Nueva ejecucion------------------------------
Conectado a la UMV 
Escuchando conexiones entrantes de programas 
8Se acepto la conexion de un nuevo programa con socket n°:9
Nuevo programa con socket n°:9
Se creo el pcb para el programa con socket n°:9 , su id es:1
Cerro la conexion el programa con socket n°:9
---------------------Nueva ejecucion------------------------------
Conectado a la UMV 
Escuchando conexiones entrantes de programas 
8Se acepto la conexion de un nuevo programa con socket n°:9
Nuevo programa con socket n°:9
Se creo el pcb para el programa con socket n°:9 , su id es:1
Cerro la conexion el programa con socket n°:9
---------------------Nueva ejecucion------------------------------
Conectado a la UMV 
Escuchando conexiones entrantes de programas 
8Se acepto la conexion de un nuevo programa con socket n°:9
Nuevo programa con socket n°:9
Se creo el pcb para el programa con socket n°:9 , su id es:1
Cerro la conexion el programa con socket n°:9
Se acepto la conexion de un nuevo programa con socket n°:9
Nuevo programa con socket n°:9
Se creo el pcb para el programa con socket n°:9 , su id es:2
Cerro la conexion el programa con socket n°:9
---------------------Nueva ejecucion------------------------------
Conectado a la UMV 
Escuchando conexiones entrantes de programas 
8Se acepto la conexion de un nuevo programa con socket n°:9
Nuevo programa con socket n°:9
Se creo el pcb para el programa con socket n°:9 , su id es:1
Cerro la conexion el programa con socket n°:9
Se acepto la conexion de un nuevo programa con socket n°:9
Nuevo programa con socket n°:9
Se creo el pcb para el programa con socket n°:9 , su id es:2
Cerro la conexion el programa con socket n°:9
Se acepto la conexion de un nuevo programa con socket n°:9
Nuevo programa con socket n°:9
Se creo el pcb para el programa con socket n°:9 , su id es:3
Cerro la conexion el programa con socket n°:9
---------------------Nueva ejecucion------------------------------
Conectado a la UMV 
Escuchando conexiones entrantes de programas 
8Se acepto la conexion de un nuevo programa con socket n°:9
Nuevo programa con socket n°:9
Se creo el pcb para el programa con socket n°:9 , su id es:1
Cerro la conexion el programa con socket n°:9
Se acepto la conexion de un nuevo programa con socket n°:9
Nuevo programa con socket n°:9
Se creo el pcb para el programa con socket n°:9 , su id es:2
Cerro la conexion el programa con socket n°:9
Se acepto la conexion de un nuevo programa con socket n°:9
Nuevo programa con socket n°:9
Se creo el pcb para el programa con socket n°:9 , su id es:3
Cerro la conexion el programa con socket n°:9
Se acepto la conexion de un nuevo programa con socket n°:9
Nuevo programa con socket n°:9
Se creo el pcb para el programa con socket n°:9 , su id es:4
Cerro la conexion el programa con socket n°:9
Se acepto la conexion de un nuevo programa con socket n°:9
Nuevo programa con socket n°:9
Se creo el pcb para el programa con socket n°:9 , su id es:5
Cerro la conexion el programa con socket n°:9
Se acepto la conexion de un nuevo programa con socket n°:9
Nuevo programa con socket n°:9
Se creo el pcb para el programa con socket n°:9 , su id es:6
Cerro la conexion el programa con socket n°:9
8Se acepto la conexion de un nuevo programa con socket n°:9
Nuevo programa con socket n°:9
Se creo el pcb para el programa con socket n°:9 , su id es:7
Cerro la conexion el programa con socket n°:9
---------------------Nueva ejecucion------------------------------
Conectado a la UMV 
Escuchando conexiones entrantes de programas 
8Se acepto la conexion de un nuevo programa con socket n°:9
Nuevo programa con socket n°:9
Se creo el pcb para el programa con socket n°:9 , su id es:1
Cerro la conexion el programa con socket n°:9
---------------------Nueva ejecucion------------------------------
Conectado a la UMV 
Escuchando conexiones entrantes de programas 
8Se acepto la conexion de un nuevo programa con socket n°:9
Nuevo programa con socket n°:9
Se creo el pcb para el programa con socket n°:9 , su id es:1
Cerro la conexion el programa con socket n°:9
---------------------Nueva ejecucion------------------------------
Conectado a la UMV 
Escuchando conexiones entrantes de programas 
8Se acepto la conexion de un nuevo programa con socket n°:9
Nuevo programa con socket n°:9
Se creo el pcb para el programa con socket n°:9 , su id es:1
Cerro la conexion el programa con socket n°:9
---------------------Nueva ejecucion------------------------------
Conectado a la UMV 
Escuchando conexiones entrantes de programas 
8Se acepto la conexion de un nuevo programa con socket n°:9
Nuevo programa con socket n°:9
Se creo el pcb para el programa con socket n°:9 , su id es:1
Cerro la conexion el programa con socket n°:9
---------------------Nueva ejecucion------------------------------
Conectado a la UMV 
Escuchando conexiones entrantes de programas 
8Se acepto la conexion de un nuevo programa con socket n°:9
Nuevo programa con socket n°:9
Se creo el pcb para el programa con socket n°:9 , su id es:1
Cerro la conexion el programa con socket n°:9
---------------------Nueva ejecucion------------------------------
Conectado a la UMV 
Escuchando conexiones entrantes de programas 
8Se acepto la conexion de un nuevo programa con socket n°:9
Nuevo programa con socket n°:9
Se creo el pcb para el programa con socket n°:9 , su id es:1
Cerro la conexion el programa con socket n°:9
Se acepto la conexion de un nuevo programa con socket n°:9
Nuevo programa con socket n°:9
Se creo el pcb para el programa con socket n°:9 , su id es:2
Cerro la conexion el programa con socket n°:9
---------------------Nueva ejecucion------------------------------
Conectado a la UMV 
Escuchando conexiones entrantes de programas 
8Se acepto la conexion de un nuevo programa con socket n°:9
Nuevo programa con socket n°:9
Se creo el pcb para el programa con socket n°:9 , su id es:1
Cerro la conexion el programa con socket n°:9
Se acepto la conexion de un nuevo programa con socket n°:9
Nuevo programa con socket n°:9
Se creo el pcb para el programa con socket n°:9 , su id es:2
Cerro la conexion el programa con socket n°:9
Se acepto la conexion de un nuevo programa con socket n°:9
Nuevo programa con socket n°:9
Se creo el pcb para el programa con socket n°:9 , su id es:3
Cerro la conexion el programa con socket n°:9
---------------------Nueva ejecucion------------------------------
---------------------Nueva ejecucion------------------------------
Conectado a la UMV 
Escuchando conexiones entrantes de programas 
8Se acepto la conexion de un nuevo programa con socket n°:9
Nuevo programa con socket n°:9
Se creo el pcb para el programa con socket n°:9 , su id es:1
Cerro la conexion el programa con socket n°:9
---------------------Nueva ejecucion------------------------------
Conectado a la UMV 
Escuchando conexiones entrantes de programas 
8Se acepto la conexion de un nuevo programa con socket n°:9
Nuevo programa con socket n°:9
Se creo el pcb para el programa con socket n°:9 , su id es:1
Cerro la conexion el programa con socket n°:9
---------------------Nueva ejecucion------------------------------
Conectado a la UMV 
Escuchando conexiones entrantes de programas 
8Se acepto la conexion de un nuevo programa con socket n°:9
Nuevo programa con socket n°:9
Se creo el pcb para el programa con socket n°:9 , su id es:1
Cerro la conexion el programa con socket n°:9
---------------------Nueva ejecucion------------------------------
---------------------Nueva ejecucion------------------------------
Conectado a la UMV 
Escuchando conexiones entrantes de programas 
8Se acepto la conexion de un nuevo programa con socket n°:9
Nuevo programa con socket n°:9
Se creo el pcb para el programa con socket n°:9 , su id es:1
Cerro la conexion el programa con socket n°:9
---------------------Nueva ejecucion------------------------------
Conectado a la UMV 
Escuchando conexiones entrantes de programas 
8Se acepto la conexion de un nuevo programa con socket n°:9
Nuevo programa con socket n°:9
Se creo el pcb para el programa con socket n°:9 , su id es:1
Cerro la conexion el programa con socket n°:9
---------------------Nueva ejecucion------------------------------
Conectado a la UMV 
Escuchando conexiones entrantes de programas 
8Se acepto la conexion de un nuevo programa con socket n°:9
Nuevo programa con socket n°:9
Se creo el pcb para el programa con socket n°:9 , su id es:1
Cerro la conexion el programa con socket n°:9
---------------------Nueva ejecucion------------------------------
Conectado a la UMV 
Escuchando conexiones entrantes de programas 
8Se acepto la conexion de un nuevo programa con socket n°:9
Nuevo programa con socket n°:9
Se creo el pcb para el programa con socket n°:9 , su id es:1
Cerro la conexion el programa con socket n°:9
Se acepto la conexion de un nuevo programa con socket n°:9
Nuevo programa con socket n°:9
Se creo el pcb para el programa con socket n°:9 , su id es:2
Cerro la conexion el programa con socket n°:9
---------------------Nueva ejecucion------------------------------
Conectado a la UMV 
Escuchando conexiones entrantes de programas 
8Se acepto la conexion de un nuevo programa con socket n°:9
Nuevo programa con socket n°:9
Se creo el pcb para el programa con socket n°:9 , su id es:1
Cerro la conexion el programa con socket n°:9
---------------------Nueva ejecucion------------------------------
Conectado a la UMV 
Escuchando conexiones entrantes de programas 
8Se acepto la conexion de un nuevo programa con socket n°:9
Nuevo programa con socket n°:9
Se creo el pcb para el programa con socket n°:9 , su id es:1
Cerro la conexion el programa con socket n°:9
---------------------Nueva ejecucion------------------------------
Conectado a la UMV 
Escuchando conexiones entrantes de programas 
8Se acepto la conexion de un nuevo programa con socket n°:9
Nuevo programa con socket n°:9
Se creo el pcb para el programa con socket n°:9 , su id es:1
Cerro la conexion el programa con socket n°:9
---------------------Nueva ejecucion------------------------------
Conectado a la UMV 
Escuchando conexiones entrantes de programas 
8Se acepto la conexion de un nuevo programa con socket n°:9
Nuevo programa con socket n°:9
Se creo el pcb para el programa con socket n°:9 , su id es:1
Cerro la conexion el programa con socket n°:9
---------------------Nueva ejecucion------------------------------
---------------------Nueva ejecucion------------------------------
Conectado a la UMV 
Escuchando conexiones entrantes de programas 
8Se acepto la conexion de un nuevo programa con socket n°:9
Nuevo programa con socket n°:9
Se creo el pcb para el programa con socket n°:9 , su id es:1
Cerro la conexion el programa con socket n°:9
---------------------Nueva ejecucion------------------------------
Conectado a la UMV 
---------------------Nueva ejecucion------------------------------
Conectado a la UMV 
Escuchando conexiones entrantes de programas 
8Se acepto la conexion de un nuevo programa con socket n°:9
Nuevo programa con socket n°:9
Se creo el pcb para el programa con socket n°:9 , su id es:1
Cerro la conexion el programa con socket n°:9
---------------------Nueva ejecucion------------------------------
Conectado a la UMV 
Escuchando conexiones entrantes de programas 
8Se acepto la conexion de un nuevo programa con socket n°:9
Nuevo programa con socket n°:9
Se creo el pcb para el programa con socket n°:9 , su id es:1
---------------------Nueva ejecucion------------------------------
Conectado a la UMV 
Escuchando conexiones entrantes de programas 
8Se acepto la conexion de un nuevo programa con socket n°:9
Nuevo programa con socket n°:9
Se creo el pcb para el programa con socket n°:9 , su id es:1
Cerro la conexion el programa con socket n°:9
Se acepto la conexion de un nuevo programa con socket n°:9
Nuevo programa con socket n°:9
Se creo el pcb para el programa con socket n°:9 , su id es:2
Cerro la conexion el programa con socket n°:9
Se acepto la conexion de un nuevo programa con socket n°:9
Nuevo programa con socket n°:9
Se creo el pcb para el programa con socket n°:9 , su id es:3
Cerro la conexion el programa con socket n°:9
---------------------Nueva ejecucion------------------------------
Conectado a la UMV 
Escuchando conexiones entrantes de programas 
8Se acepto la conexion de un nuevo programa con socket n°:9
Nuevo programa con socket n°:9
Se creo el pcb para el programa con socket n°:9 , su id es:1
Cerro la conexion el programa con socket n°:9
---------------------Nueva ejecucion------------------------------
Conectado a la UMV 
Escuchando conexiones entrantes de programas 
8Se acepto la conexion de un nuevo programa con socket n°:9
Nuevo programa con socket n°:9
Se creo el pcb para el programa con socket n°:9 , su id es:1
Cerro la conexion el programa con socket n°:9
---------------------Nueva ejecucion------------------------------
Conectado a la UMV 
Escuchando conexiones entrantes de programas 
8Se acepto la conexion de un nuevo programa con socket n°:9
Nuevo programa con socket n°:9
Se creo el pcb para el programa con socket n°:9 , su id es:1
Cerro la conexion el programa con socket n°:9
---------------------Nueva ejecucion------------------------------
Conectado a la UMV 
Escuchando conexiones entrantes de programas 
8Se acepto la conexion de un nuevo programa con socket n°:9
Nuevo programa con socket n°:9
Se creo el pcb para el programa con socket n°:9 , su id es:1
Cerro la conexion el programa con socket n°:9
---------------------Nueva ejecucion------------------------------
Conectado a la UMV 
Escuchando conexiones entrantes de programas 
8Se acepto la conexion de un nuevo programa con socket n°:9
Nuevo programa con socket n°:9
Se creo el pcb para el programa con socket n°:9 , su id es:1
Cerro la conexion el programa con socket n°:9
---------------------Nueva ejecucion------------------------------
Conectado a la UMV 
Escuchando conexiones entrantes de programas 
8Se acepto la conexion de un nuevo programa con socket n°:9
Nuevo programa con socket n°:9
Se creo el pcb para el programa con socket n°:9 , su id es:1
Cerro la conexion el programa con socket n°:9
Se acepto la conexion de un nuevo programa con socket n°:9
Nuevo programa con socket n°:9
Se creo el pcb para el programa con socket n°:9 , su id es:2
Cerro la conexion el programa con socket n°:9
---------------------Nueva ejecucion------------------------------
Conectado a la UMV 
Escuchando conexiones entrantes de programas 
8Se acepto la conexion de un nuevo programa con socket n°:9
Nuevo programa con socket n°:9
Se creo el pcb para el programa con socket n°:9 , su id es:1
Cerro la conexion el programa con socket n°:9
---------------------Nueva ejecucion------------------------------
Conectado a la UMV 
Escuchando conexiones entrantes de programas 
8Se acepto la conexion de un nuevo programa con socket n°:9
Nuevo programa con socket n°:9
Se creo el pcb para el programa con socket n°:9 , su id es:1
Cerro la conexion el programa con socket n°:9
---------------------Nueva ejecucion------------------------------
Conectado a la UMV 
Escuchando conexiones entrantes de programas 
8Se acepto la conexion de un nuevo programa con socket n°:9
Nuevo programa con socket n°:9
Se creo el pcb para el programa con socket n°:9 , su id es:1
Cerro la conexion el programa con socket n°:9
---------------------Nueva ejecucion------------------------------
Conectado a la UMV 
Escuchando conexiones entrantes de programas 
8Se acepto la conexion de un nuevo programa con socket n°:9
Nuevo programa con socket n°:9
Se creo el pcb para el programa con socket n°:9 , su id es:1
Cerro la conexion el programa con socket n°:9
---------------------Nueva ejecucion------------------------------
Conectado a la UMV 
Escuchando conexiones entrantes de programas 
8Se acepto la conexion de un nuevo programa con socket n°:9
Nuevo programa con socket n°:9
Se creo el pcb para el programa con socket n°:9 , su id es:1
Cerro la conexion el programa con socket n°:9
---------------------Nueva ejecucion------------------------------
Conectado a la UMV 
Escuchando conexiones entrantes de programas 
8Se acepto la conexion de un nuevo programa con socket n°:9
Nuevo programa con socket n°:9
Se creo el pcb para el programa con socket n°:9 , su id es:1
Cerro la conexion el programa con socket n°:9
---------------------Nueva ejecucion------------------------------
Conectado a la UMV 
Escuchando conexiones entrantes de programas 
8Se acepto la conexion de un nuevo programa con socket n°:9
Nuevo programa con socket n°:9
Se creo el pcb para el programa con socket n°:9 , su id es:1
Cerro la conexion el programa con socket n°:9
---------------------Nueva ejecucion------------------------------
Conectado a la UMV 
Escuchando conexiones entrantes de programas 
8Se acepto la conexion de un nuevo programa con socket n°:9
Nuevo programa con socket n°:9
Se creo el pcb para el programa con socket n°:9 , su id es:1
Cerro la conexion el programa con socket n°:9
---------------------Nueva ejecucion------------------------------
Conectado a la UMV 
Escuchando conexiones entrantes de programas 
8Se acepto la conexion de un nuevo programa con socket n°:9
Nuevo programa con socket n°:9
Se creo el pcb para el programa con socket n°:9 , su id es:1
Cerro la conexion el programa con socket n°:9
---------------------Nueva ejecucion------------------------------
Conectado a la UMV 
Escuchando conexiones entrantes de programas 
8Se acepto la conexion de un nuevo programa con socket n°:9
Nuevo programa con socket n°:9
Se creo el pcb para el programa con socket n°:9 , su id es:1
Cerro la conexion el programa con socket n°:9
---------------------Nueva ejecucion------------------------------
Conectado a la UMV 
Escuchando conexiones entrantes de programas 
8Se acepto la conexion de un nuevo programa con socket n°:9
Nuevo programa con socket n°:9
Se creo el pcb para el programa con socket n°:9 , su id es:1
Cerro la conexion el programa con socket n°:9
---------------------Nueva ejecucion------------------------------
Conectado a la UMV 
Escuchando conexiones entrantes de programas 
8Se acepto la conexion de un nuevo programa con socket n°:9
Nuevo programa con socket n°:9
Se creo el pcb para el programa con socket n°:9 , su id es:1
Cerro la conexion el programa con socket n°:9
---------------------Nueva ejecucion------------------------------
Conectado a la UMV 
Escuchando conexiones entrantes de programas 
8Se acepto la conexion de un nuevo programa con socket n°:9
Nuevo programa con socket n°:9
Se creo el pcb para el programa con socket n°:9 , su id es:1
Cerro la conexion el programa con socket n°:9
---------------------Nueva ejecucion------------------------------
Conectado a la UMV 
Escuchando conexiones entrantes de programas 
8Se acepto la conexion de un nuevo programa con socket n°:9
Nuevo programa con socket n°:9
Se creo el pcb para el programa con socket n°:9 , su id es:1
Cerro la conexion el programa con socket n°:9
---------------------Nueva ejecucion------------------------------
Conectado a la UMV 
---------------------Nueva ejecucion------------------------------
Conectado a la UMV 
Escuchando conexiones entrantes de programas 
8Se acepto la conexion de un nuevo programa con socket n°:9
Nuevo programa con socket n°:9
Se creo el pcb para el programa con socket n°:9 , su id es:1
Cerro la conexion el programa con socket n°:9
---------------------Nueva ejecucion------------------------------
Conectado a la UMV 
Escuchando conexiones entrantes de programas 
8Se acepto la conexion de un nuevo programa con socket n°:9
Nuevo programa con socket n°:9
Se creo el pcb para el programa con socket n°:9 , su id es:1
Cerro la conexion el programa con socket n°:9
---------------------Nueva ejecucion------------------------------
Conectado a la UMV 
Escuchando conexiones entrantes de programas 
8Se acepto la conexion de un nuevo programa con socket n°:9
Nuevo programa con socket n°:9
Se creo el pcb para el programa con socket n°:9 , su id es:1
Cerro la conexion el programa con socket n°:9
---------------------Nueva ejecucion------------------------------
Conectado a la UMV 
Escuchando conexiones entrantes de programas 
8Se acepto la conexion de un nuevo programa con socket n°:9
Nuevo programa con socket n°:9
Se creo el pcb para el programa con socket n°:9 , su id es:1
Cerro la conexion el programa con socket n°:9
---------------------Nueva ejecucion------------------------------
Conectado a la UMV 
Escuchando conexiones entrantes de programas 
8Se acepto la conexion de un nuevo programa con socket n°:9
Nuevo programa con socket n°:9
Se creo el pcb para el programa con socket n°:9 , su id es:1
Cerro la conexion el programa con socket n°:9
---------------------Nueva ejecucion------------------------------
Conectado a la UMV 
Escuchando conexiones entrantes de programas 
8Se acepto la conexion de un nuevo programa con socket n°:9
Nuevo programa con socket n°:9
Se creo el pcb para el programa con socket n°:9 , su id es:1
Cerro la conexion el programa con socket n°:9
Se acepto la conexion de un nuevo programa con socket n°:9
Nuevo programa con socket n°:9
Se creo el pcb para el programa con socket n°:9 , su id es:2
Cerro la conexion el programa con socket n°:9
Se acepto la conexion de un nuevo programa con socket n°:9
Nuevo programa con socket n°:9
Se creo el pcb para el programa con socket n°:9 , su id es:3
Cerro la conexion el programa con socket n°:9
Se acepto la conexion de un nuevo programa con socket n°:9
Nuevo programa con socket n°:9
Se creo el pcb para el programa con socket n°:9 , su id es:4
Cerro la conexion el programa con socket n°:9
Se acepto la conexion de un nuevo programa con socket n°:9
Nuevo programa con socket n°:9
Se creo el pcb para el programa con socket n°:9 , su id es:5
Cerro la conexion el programa con socket n°:9
Se acepto la conexion de un nuevo programa con socket n°:9
Nuevo programa con socket n°:9
Se creo el pcb para el programa con socket n°:9 , su id es:6
---------------------Nueva ejecucion------------------------------
Conectado a la UMV 
Escuchando conexiones entrantes de programas 
8Se acepto la conexion de un nuevo programa con socket n°:9
Nuevo programa con socket n°:9
Se creo el pcb para el programa con socket n°:9 , su id es:1
---------------------Nueva ejecucion------------------------------
Conectado a la UMV 
Escuchando conexiones entrantes de programas 
8Se acepto la conexion de un nuevo programa con socket n°:9
Nuevo programa con socket n°:9
Se creo el pcb para el programa con socket n°:9 , su id es:1
Cerro la conexion el programa con socket n°:9
---------------------Nueva ejecucion------------------------------
Conectado a la UMV 
Escuchando conexiones entrantes de programas 
8Se acepto la conexion de un nuevo programa con socket n°:9
Nuevo programa con socket n°:9
Se creo el pcb para el programa con socket n°:9 , su id es:1
Cerro la conexion el programa con socket n°:9
Se acepto la conexion de un nuevo programa con socket n°:9
Nuevo programa con socket n°:9
Se creo el pcb para el programa con socket n°:9 , su id es:2
Cerro la conexion el programa con socket n°:9
---------------------Nueva ejecucion------------------------------
Conectado a la UMV 
Escuchando conexiones entrantes de programas 
8Se acepto la conexion de un nuevo programa con socket n°:9
Nuevo programa con socket n°:9
Se creo el pcb para el programa con socket n°:9 , su id es:1
Cerro la conexion el programa con socket n°:9
---------------------Nueva ejecucion------------------------------
Conectado a la UMV 
Escuchando conexiones entrantes de programas 
8Se acepto la conexion de un nuevo programa con socket n°:9
Nuevo programa con socket n°:9
Se creo el pcb para el programa con socket n°:9 , su id es:1
Cerro la conexion el programa con socket n°:9
Se acepto la conexion de un nuevo programa con socket n°:9
Nuevo programa con socket n°:9
Se creo el pcb para el programa con socket n°:9 , su id es:2
Cerro la conexion el programa con socket n°:9
---------------------Nueva ejecucion------------------------------
Conectado a la UMV 
Escuchando conexiones entrantes de programas 
8Se acepto la conexion de un nuevo programa con socket n°:9
Nuevo programa con socket n°:9
Se creo el pcb para el programa con socket n°:9 , su id es:1
Cerro la conexion el programa con socket n°:9
---------------------Nueva ejecucion------------------------------
Conectado a la UMV 
Escuchando conexiones entrantes de programas 
8Se acepto la conexion de un nuevo programa con socket n°:9
Nuevo programa con socket n°:9
Se creo el pcb para el programa con socket n°:9 , su id es:1
Cerro la conexion el programa con socket n°:9
Se acepto la conexion de un nuevo programa con socket n°:9
Nuevo programa con socket n°:9
Memoria insuficiente para el programa con socket n°:9
Cerro la conexion el programa con socket n°:9
---------------------Nueva ejecucion------------------------------
Conectado a la UMV 
Escuchando conexiones entrantes de programas 
8Se acepto la conexion de un nuevo programa con socket n°:9
Nuevo programa con socket n°:9
Memoria insuficiente para el programa con socket n°:9
Cerro la conexion el programa con socket n°:9
---------------------Nueva ejecucion------------------------------
Conectado a la UMV 
Escuchando conexiones entrantes de programas 
8Se acepto la conexion de un nuevo programa con socket n°:9
Nuevo programa con socket n°:9
Memoria insuficiente para el programa con socket n°:9
Cerro la conexion el programa con socket n°:9
---------------------Nueva ejecucion------------------------------
Conectado a la UMV 
Escuchando conexiones entrantes de programas 
8Se acepto la conexion de un nuevo programa con socket n°:9
Nuevo programa con socket n°:9
Memoria insuficiente para el programa con socket n°:9
Se acepto la conexion de un nuevo programa con socket n°:9
Nuevo programa con socket n°:9
Memoria insuficiente para el programa con socket n°:9
---------------------Nueva ejecucion------------------------------
Conectado a la UMV 
Escuchando conexiones entrantes de programas 
8Se acepto la conexion de un nuevo programa con socket n°:9
Nuevo programa con socket n°:9
Se creo el pcb para el programa con socket n°:9 , su id es:1
Cerro la conexion el programa con socket n°:9
---------------------Nueva ejecucion------------------------------
Conectado a la UMV 
Escuchando conexiones entrantes de programas 
8Se acepto la conexion de un nuevo programa con socket n°:9
Nuevo programa con socket n°:9
Se creo el pcb para el programa con socket n°:9 , su id es:1
Cerro la conexion el programa con socket n°:9
---------------------Nueva ejecucion------------------------------
Conectado a la UMV 
Escuchando conexiones entrantes de programas 
Se acepto la conexion de un nuevo programa con socket n°:8
9Nuevo programa con socket n°:8
Se creo el pcb para el programa con socket n°:8 , su id es:1
Cerro la conexion el programa con socket n°:8
---------------------Nueva ejecucion------------------------------
Conectado a la UMV 
Escuchando conexiones entrantes de programas 
Se acepto la conexion de un nuevo programa con socket n°:8
9Nuevo programa con socket n°:8
Se creo el pcb para el programa con socket n°:8 , su id es:1
Cerro la conexion el programa con socket n°:8
---------------------Nueva ejecucion------------------------------
Conectado a la UMV 
Escuchando conexiones entrantes de programas 
8Se acepto la conexion de un nuevo programa con socket n°:9
Nuevo programa con socket n°:9
Se creo el pcb para el programa con socket n°:9 , su id es:1
Cerro la conexion el programa con socket n°:9
---------------------Nueva ejecucion------------------------------
Conectado a la UMV 
Escuchando conexiones entrantes de programas 
8Se acepto la conexion de un nuevo programa con socket n°:9
Nuevo programa con socket n°:9
Se creo el pcb para el programa con socket n°:9 , su id es:1
Cerro la conexion el programa con socket n°:9
Se acepto la conexion de un nuevo programa con socket n°:9
Nuevo programa con socket n°:9
Se creo el pcb para el programa con socket n°:9 , su id es:2
Cerro la conexion el programa con socket n°:9
---------------------Nueva ejecucion------------------------------
---------------------Nueva ejecucion------------------------------
Conectado a la UMV 
Escuchando conexiones entrantes de programas 
8Se acepto la conexion de un nuevo programa con socket n°:9
Nuevo programa con socket n°:9
Se creo el pcb para el programa con socket n°:9 , su id es:1
Cerro la conexion el programa con socket n°:9
Se acepto la conexion de un nuevo programa con socket n°:9
Nuevo programa con socket n°:9
Se creo el pcb para el programa con socket n°:9 , su id es:2
Cerro la conexion el programa con socket n°:9
Se acepto la conexion de un nuevo programa con socket n°:9
Nuevo programa con socket n°:9
Se creo el pcb para el programa con socket n°:9 , su id es:3
Cerro la conexion el programa con socket n°:9
Se acepto la conexion de un nuevo programa con socket n°:9
Nuevo programa con socket n°:9
Se creo el pcb para el programa con socket n°:9 , su id es:4
Cerro la conexion el programa con socket n°:9
Se acepto la conexion de un nuevo programa con socket n°:9
Nuevo programa con socket n°:9
Se creo el pcb para el programa con socket n°:9 , su id es:5
Cerro la conexion el programa con socket n°:9
---------------------Nueva ejecucion------------------------------
Conectado a la UMV 
Escuchando conexiones entrantes de programas 
8Se acepto la conexion de un nuevo programa con socket n°:9
Nuevo programa con socket n°:9
Se creo el pcb para el programa con socket n°:9 , su id es:1
Cerro la conexion el programa con socket n°:9
---------------------Nueva ejecucion------------------------------
Conectado a la UMV 
Escuchando conexiones entrantes de programas 
8Se acepto la conexion de un nuevo programa con socket n°:9
Nuevo programa con socket n°:9
Se creo el pcb para el programa con socket n°:9 , su id es:1
Cerro la conexion el programa con socket n°:9
---------------------Nueva ejecucion------------------------------
Conectado a la UMV 
Escuchando conexiones entrantes de programas 
8Se acepto la conexion de un nuevo programa con socket n°:9
Nuevo programa con socket n°:9
Se creo el pcb para el programa con socket n°:9 , su id es:1
Cerro la conexion el programa con socket n°:9
---------------------Nueva ejecucion------------------------------
Conectado a la UMV 
Escuchando conexiones entrantes de programas 
8Se acepto la conexion de un nuevo programa con socket n°:9
Nuevo programa con socket n°:9
Se creo el pcb para el programa con socket n°:9 , su id es:1
Cerro la conexion el programa con socket n°:9
Se acepto la conexion de un nuevo programa con socket n°:9
Nuevo programa con socket n°:9
Se creo el pcb para el programa con socket n°:9 , su id es:2
Cerro la conexion el programa con socket n°:9
Se acepto la conexion de un nuevo programa con socket n°:9
Nuevo programa con socket n°:9
Se creo el pcb para el programa con socket n°:9 , su id es:3
Cerro la conexion el programa con socket n°:9
Se acepto la conexion de un nuevo programa con socket n°:9
Nuevo programa con socket n°:9
Se creo el pcb para el programa con socket n°:9 , su id es:4
Se acepto la conexion de un nuevo programa con socket n°:10
Nuevo programa con socket n°:10
Memoria insuficiente para el programa con socket n°:10
Se acepto la conexion de un nuevo programa con socket n°:10
Nuevo programa con socket n°:10
Memoria insuficiente para el programa con socket n°:10
Se acepto la conexion de un nuevo programa con socket n°:10
Nuevo programa con socket n°:10
Memoria insuficiente para el programa con socket n°:10
Cerro la conexion el programa con socket n°:9
Se acepto la conexion de un nuevo programa con socket n°:9
Nuevo programa con socket n°:9
Se creo el pcb para el programa con socket n°:9 , su id es:8
Se acepto la conexion de un nuevo programa con socket n°:10
Nuevo programa con socket n°:10
Se creo el pcb para el programa con socket n°:10 , su id es:9
Cerro la conexion el programa con socket n°:9
Se acepto la conexion de un nuevo programa con socket n°:9
Nuevo programa con socket n°:9
Se creo el pcb para el programa con socket n°:9 , su id es:10
Cerro la conexion el programa con socket n°:10
Se acepto la conexion de un nuevo programa con socket n°:10
Nuevo programa con socket n°:10
Se creo el pcb para el programa con socket n°:10 , su id es:11
Cerro la conexion el programa con socket n°:9
Se acepto la conexion de un nuevo programa con socket n°:9
Nuevo programa con socket n°:9
Se creo el pcb para el programa con socket n°:9 , su id es:12
Cerro la conexion el programa con socket n°:10
Se acepto la conexion de un nuevo programa con socket n°:10
Nuevo programa con socket n°:10
Se creo el pcb para el programa con socket n°:10 , su id es:13
Cerro la conexion el programa con socket n°:9
Cerro la conexion el programa con socket n°:10
Se acepto la conexion de un nuevo programa con socket n°:9
Nuevo programa con socket n°:9
Se creo el pcb para el programa con socket n°:9 , su id es:14
Cerro la conexion el programa con socket n°:9
Se acepto la conexion de un nuevo programa con socket n°:9
Nuevo programa con socket n°:9
Se creo el pcb para el programa con socket n°:9 , su id es:15
Se acepto la conexion de un nuevo programa con socket n°:10
Nuevo programa con socket n°:10
Se creo el pcb para el programa con socket n°:10 , su id es:16
Cerro la conexion el programa con socket n°:9
Cerro la conexion el programa con socket n°:10
Se acepto la conexion de un nuevo programa con socket n°:9
Nuevo programa con socket n°:9
Se creo el pcb para el programa con socket n°:9 , su id es:17
Cerro la conexion el programa con socket n°:9
Se acepto la conexion de un nuevo programa con socket n°:9
Se acepto la conexion de un nuevo programa con socket n°:10
Nuevo programa con socket n°:9
Se creo el pcb para el programa con socket n°:9 , su id es:18
Nuevo programa con socket n°:10
Se creo el pcb para el programa con socket n°:10 , su id es:19
Cerro la conexion el programa con socket n°:9
Se acepto la conexion de un nuevo programa con socket n°:9
Nuevo programa con socket n°:9
Se creo el pcb para el programa con socket n°:9 , su id es:20
Cerro la conexion el programa con socket n°:10
Se acepto la conexion de un nuevo programa con socket n°:10
Nuevo programa con socket n°:10
Se creo el pcb para el programa con socket n°:10 , su id es:21
Cerro la conexion el programa con socket n°:9
Se acepto la conexion de un nuevo programa con socket n°:9
Nuevo programa con socket n°:9
Se creo el pcb para el programa con socket n°:9 , su id es:22
Cerro la conexion el programa con socket n°:10
Se acepto la conexion de un nuevo programa con socket n°:10
Nuevo programa con socket n°:10
Se creo el pcb para el programa con socket n°:10 , su id es:23
Cerro la conexion el programa con socket n°:9
Se acepto la conexion de un nuevo programa con socket n°:9
Nuevo programa con socket n°:9
Se creo el pcb para el programa con socket n°:9 , su id es:24
Cerro la conexion el programa con socket n°:10
Se acepto la conexion de un nuevo programa con socket n°:10
Nuevo programa con socket n°:10
Se creo el pcb para el programa con socket n°:10 , su id es:25
Cerro la conexion el programa con socket n°:9
Se acepto la conexion de un nuevo programa con socket n°:9
Nuevo programa con socket n°:9
Se creo el pcb para el programa con socket n°:9 , su id es:26
Cerro la conexion el programa con socket n°:10
Se acepto la conexion de un nuevo programa con socket n°:10
Nuevo programa con socket n°:10
Se creo el pcb para el programa con socket n°:10 , su id es:27
Cerro la conexion el programa con socket n°:9
Cerro la conexion el programa con socket n°:10
Se acepto la conexion de un nuevo programa con socket n°:9
Se acepto la conexion de un nuevo programa con socket n°:10
Nuevo programa con socket n°:9
Se creo el pcb para el programa con socket n°:9 , su id es:28
Nuevo programa con socket n°:10
Se creo el pcb para el programa con socket n°:10 , su id es:29
Cerro la conexion el programa con socket n°:9
Se acepto la conexion de un nuevo programa con socket n°:9
Nuevo programa con socket n°:9
Se creo el pcb para el programa con socket n°:9 , su id es:30
Cerro la conexion el programa con socket n°:10
Se acepto la conexion de un nuevo programa con socket n°:10
Nuevo programa con socket n°:10
Se creo el pcb para el programa con socket n°:10 , su id es:31
Cerro la conexion el programa con socket n°:9
Cerro la conexion el programa con socket n°:10
---------------------Nueva ejecucion------------------------------
Conectado a la UMV 
Escuchando conexiones entrantes de programas 
8Se acepto la conexion de un nuevo programa con socket n°:9
Nuevo programa con socket n°:9
Se creo el pcb para el programa con socket n°:9 , su id es:1
---------------------Nueva ejecucion------------------------------
Conectado a la UMV 
Escuchando conexiones entrantes de programas 
Se acepto la conexion de un nuevo programa con socket n°:8
9Nuevo programa con socket n°:8
Se creo el pcb para el programa con socket n°:8 , su id es:1
Cerro la conexion el programa con socket n°:8
---------------------Nueva ejecucion------------------------------
Conectado a la UMV 
Escuchando conexiones entrantes de programas 
8Se acepto la conexion de un nuevo programa con socket n°:9
Nuevo programa con socket n°:9
Se creo el pcb para el programa con socket n°:9 , su id es:1
Cerro la conexion el programa con socket n°:9
88Se acepto la conexion de un nuevo programa con socket n°:9
Nuevo programa con socket n°:9
Se creo el pcb para el programa con socket n°:9 , su id es:2
Cerro la conexion el programa con socket n°:9
Se acepto la conexion de un nuevo programa con socket n°:9
Nuevo programa con socket n°:9
Se creo el pcb para el programa con socket n°:9 , su id es:3
Cerro la conexion el programa con socket n°:9
8Se acepto la conexion de un nuevo programa con socket n°:9
Nuevo programa con socket n°:9
Se creo el pcb para el programa con socket n°:9 , su id es:4
Cerro la conexion el programa con socket n°:9
8Se acepto la conexion de un nuevo programa con socket n°:9
Nuevo programa con socket n°:9
Se creo el pcb para el programa con socket n°:9 , su id es:5
Cerro la conexion el programa con socket n°:9
Se acepto la conexion de un nuevo programa con socket n°:9
Nuevo programa con socket n°:9
Se creo el pcb para el programa con socket n°:9 , su id es:6
Cerro la conexion el programa con socket n°:9
Se acepto la conexion de un nuevo programa con socket n°:9
Nuevo programa con socket n°:9
Se creo el pcb para el programa con socket n°:9 , su id es:7
Cerro la conexion el programa con socket n°:9
---------------------Nueva ejecucion------------------------------
Conectado a la UMV 
Escuchando conexiones entrantes de programas 
8Se acepto la conexion de un nuevo programa con socket n°:9
Nuevo programa con socket n°:9
Se creo el pcb para el programa con socket n°:9 , su id es:1
Cerro la conexion el programa con socket n°:9
---------------------Nueva ejecucion------------------------------
Conectado a la UMV 
Escuchando conexiones entrantes de programas 
88Se acepto la conexion de un nuevo programa con socket n°:9
Nuevo programa con socket n°:9
Se creo el pcb para el programa con socket n°:9 , su id es:1
Cerro la conexion el programa con socket n°:9
---------------------Nueva ejecucion------------------------------
Conectado a la UMV 
Escuchando conexiones entrantes de programas 
8Se acepto la conexion de un nuevo programa con socket n°:9
Nuevo programa con socket n°:9
Se creo el pcb para el programa con socket n°:9 , su id es:1
---------------------Nueva ejecucion------------------------------
Conectado a la UMV 
Escuchando conexiones entrantes de programas 
8Se acepto la conexion de un nuevo programa con socket n°:9
Nuevo programa con socket n°:9
Se creo el pcb para el programa con socket n°:9 , su id es:1
Cerro la conexion el programa con socket n°:9
8Se acepto la conexion de un nuevo programa con socket n°:10
Nuevo programa con socket n°:10
Se creo el pcb para el programa con socket n°:10 , su id es:2
Cerro la conexion el programa con socket n°:10
---------------------Nueva ejecucion------------------------------
Conectado a la UMV 
Escuchando conexiones entrantes de programas 
88---------------------Nueva ejecucion------------------------------
Conectado a la UMV 
Escuchando conexiones entrantes de programas 
8Se acepto la conexion de un nuevo programa con socket n°:9
Nuevo programa con socket n°:9
Se creo el pcb para el programa con socket n°:9 , su id es:1
Cerro la conexion el programa con socket n°:9
Se acepto la conexion de un nuevo programa con socket n°:9
Nuevo programa con socket n°:9
Se creo el pcb para el programa con socket n°:9 , su id es:2
Cerro la conexion el programa con socket n°:9
---------------------Nueva ejecucion------------------------------
Conectado a la UMV 
Escuchando conexiones entrantes de programas 
8Se acepto la conexion de un nuevo programa con socket n°:9
Nuevo programa con socket n°:9
Se creo el pcb para el programa con socket n°:9 , su id es:1
Cerro la conexion el programa con socket n°:9
---------------------Nueva ejecucion------------------------------
Conectado a la UMV 
Escuchando conexiones entrantes de programas 
88888Se acepto la conexion de un nuevo programa con socket n°:9
Nuevo programa con socket n°:9
Se creo el pcb para el programa con socket n°:9 , su id es:1
8---------------------Nueva ejecucion------------------------------
Conectado a la UMV 
Escuchando conexiones entrantes de programas 
8Se acepto la conexion de un nuevo programa con socket n°:9
Nuevo programa con socket n°:9
Se creo el pcb para el programa con socket n°:9 , su id es:1
Cerro la conexion el programa con socket n°:9
Se acepto la conexion de un nuevo programa con socket n°:8
Nuevo programa con socket n°:8
Se creo el pcb para el programa con socket n°:8 , su id es:2
10Cerro la conexion el programa con socket n°:8
Se acepto la conexion de un nuevo programa con socket n°:10
Nuevo programa con socket n°:10
Se creo el pcb para el programa con socket n°:10 , su id es:3
11Cerro la conexion el programa con socket n°:10
11Se acepto la conexion de un nuevo programa con socket n°:12
Nuevo programa con socket n°:12
Se creo el pcb para el programa con socket n°:12 , su id es:4
11Cerro la conexion el programa con socket n°:12
11---------------------Nueva ejecucion------------------------------
Conectado a la UMV 
Escuchando conexiones entrantes de programas 
88Se acepto la conexion de un nuevo programa con socket n°:9
Nuevo programa con socket n°:9
Se creo el pcb para el programa con socket n°:9 , su id es:1
Cerro la conexion el programa con socket n°:9
8Se acepto la conexion de un nuevo programa con socket n°:9
Nuevo programa con socket n°:9
Se creo el pcb para el programa con socket n°:9 , su id es:2
---------------------Nueva ejecucion------------------------------
Conectado a la UMV 
Escuchando conexiones entrantes de programas 
88Se acepto la conexion de un nuevo programa con socket n°:9
Nuevo programa con socket n°:9
Se creo el pcb para el programa con socket n°:9 , su id es:1
8Cerro la conexion el programa con socket n°:9
8Se acepto la conexion de un nuevo programa con socket n°:10
Nuevo programa con socket n°:10
Se creo el pcb para el programa con socket n°:10 , su id es:2
88Cerro la conexion el programa con socket n°:10
8Se acepto la conexion de un nuevo programa con socket n°:11
Nuevo programa con socket n°:11
Se creo el pcb para el programa con socket n°:11 , su id es:3
Cerro la conexion el programa con socket n°:11
8Se acepto la conexion de un nuevo programa con socket n°:11
Nuevo programa con socket n°:11
Se creo el pcb para el programa con socket n°:11 , su id es:4
---------------------Nueva ejecucion------------------------------
Conectado a la UMV 
Escuchando conexiones entrantes de programas 
8Se acepto la conexion de un nuevo programa con socket n°:9
Nuevo programa con socket n°:9
Se creo el pcb para el programa con socket n°:9 , su id es:1
Cerro la conexion el programa con socket n°:9
8Se acepto la conexion de un nuevo programa con socket n°:10
Nuevo programa con socket n°:10
Se creo el pcb para el programa con socket n°:10 , su id es:2
---------------------Nueva ejecucion------------------------------
Conectado a la UMV 
---------------------Nueva ejecucion------------------------------
Conectado a la UMV 
Escuchando conexiones entrantes de programas 
8Se acepto la conexion de un nuevo programa con socket n°:9
Nuevo programa con socket n°:9
Se creo el pcb para el programa con socket n°:9 , su id es:1
Cerro la conexion el programa con socket n°:9
8Se acepto la conexion de un nuevo programa con socket n°:9
Nuevo programa con socket n°:9
Se creo el pcb para el programa con socket n°:9 , su id es:2
Cerro la conexion el programa con socket n°:9
8Se acepto la conexion de un nuevo programa con socket n°:9
Nuevo programa con socket n°:9
Se creo el pcb para el programa con socket n°:9 , su id es:3
Cerro la conexion el programa con socket n°:9
8Se acepto la conexion de un nuevo programa con socket n°:9
Nuevo programa con socket n°:9
Se creo el pcb para el programa con socket n°:9 , su id es:4
---------------------Nueva ejecucion------------------------------
Conectado a la UMV 
Escuchando conexiones entrantes de programas 
8Se acepto la conexion de un nuevo programa con socket n°:9
Nuevo programa con socket n°:9
Se creo el pcb para el programa con socket n°:9 , su id es:1
Cerro la conexion el programa con socket n°:9
8Se acepto la conexion de un nuevo programa con socket n°:10
Nuevo programa con socket n°:10
Se creo el pcb para el programa con socket n°:10 , su id es:2
Cerro la conexion el programa con socket n°:10
8Se acepto la conexion de un nuevo programa con socket n°:11
Nuevo programa con socket n°:11
Se creo el pcb para el programa con socket n°:11 , su id es:3
Cerro la conexion el programa con socket n°:11
8Se acepto la conexion de un nuevo programa con socket n°:12
Nuevo programa con socket n°:12
Se creo el pcb para el programa con socket n°:12 , su id es:4
---------------------Nueva ejecucion------------------------------
Conectado a la UMV 
Escuchando conexiones entrantes de programas 
88Se acepto la conexion de un nuevo programa con socket n°:9
Nuevo programa con socket n°:9
Se creo el pcb para el programa con socket n°:9 , su id es:1
---------------------Nueva ejecucion------------------------------
Conectado a la UMV 
---------------------Nueva ejecucion------------------------------
Conectado a la UMV 
Escuchando conexiones entrantes de programas 
8Se acepto la conexion de un nuevo programa con socket n°:9
Nuevo programa con socket n°:9
Se creo el pcb para el programa con socket n°:9 , su id es:1
---------------------Nueva ejecucion------------------------------
Conectado a la UMV 
Escuchando conexiones entrantes de programas 
8Se acepto la conexion de un nuevo programa con socket n°:9
Nuevo programa con socket n°:9
Se creo el pcb para el programa con socket n°:9 , su id es:1
---------------------Nueva ejecucion------------------------------
Conectado a la UMV 
Escuchando conexiones entrantes de programas 
8Se acepto la conexion de un nuevo programa con socket n°:9
Nuevo programa con socket n°:9
Se creo el pcb para el programa con socket n°:9 , su id es:1
---------------------Nueva ejecucion------------------------------
Conectado a la UMV 
Escuchando conexiones entrantes de programas 
8Se acepto la conexion de un nuevo programa con socket n°:9
Nuevo programa con socket n°:9
Se creo el pcb para el programa con socket n°:9 , su id es:1
8Cerro la conexion el programa con socket n°:9
