--------------------Nueva ejecucion-------------------------------------------------------------------------------------------
--------------------Fin ejecucion---------------------------------------------------------------------------------------------
--------------------Nueva ejecucion-------------------------------------------------------------------------------------------
--------------------Fin ejecucion---------------------------------------------------------------------------------------------
--------------------Nueva ejecucion-------------------------------------------------------------------------------------------
--------------------Fin ejecucion---------------------------------------------------------------------------------------------
--------------------Nueva ejecucion-------------------------------------------------------------------------------------------
--------------------Fin ejecucion---------------------------------------------------------------------------------------------
--------------------Nueva ejecucion-------------------------------------------------------------------------------------------
--------------------Nueva ejecucion-------------------------------------------------------------------------------------------
--------------------Fin ejecucion---------------------------------------------------------------------------------------------
--------------------Nueva ejecucion-------------------------------------------------------------------------------------------
--------------------Nueva ejecucion-------------------------------------------------------------------------------------------
--------------------Fin ejecucion---------------------------------------------------------------------------------------------
--------------------Nueva ejecucion-------------------------------------------------------------------------------------------
--------------------Fin ejecucion---------------------------------------------------------------------------------------------
--------------------Nueva ejecucion-------------------------------------------------------------------------------------------
--------------------Fin ejecucion---------------------------------------------------------------------------------------------
--------------------Nueva ejecucion-------------------------------------------------------------------------------------------
--------------------Fin ejecucion---------------------------------------------------------------------------------------------
--------------------Nueva ejecucion-------------------------------------------------------------------------------------------
--------------------Nueva ejecucion-------------------------------------------------------------------------------------------
--------------------Nueva ejecucion-------------------------------------------------------------------------------------------
--------------------Fin ejecucion---------------------------------------------------------------------------------------------
--------------------Nueva ejecucion-------------------------------------------------------------------------------------------
--------------------Fin ejecucion---------------------------------------------------------------------------------------------
--------------------Nueva ejecucion-------------------------------------------------------------------------------------------
--------------------Nueva ejecucion-------------------------------------------------------------------------------------------
--------------------Fin ejecucion---------------------------------------------------------------------------------------------
--------------------Nueva ejecucion-------------------------------------------------------------------------------------------
--------------------Fin ejecucion---------------------------------------------------------------------------------------------
--------------------Nueva ejecucion-------------------------------------------------------------------------------------------
--------------------Nueva ejecucion-------------------------------------------------------------------------------------------
--------------------Fin ejecucion---------------------------------------------------------------------------------------------
--------------------Nueva ejecucion-------------------------------------------------------------------------------------------
--------------------Fin ejecucion---------------------------------------------------------------------------------------------
--------------------Nueva ejecucion-------------------------------------------------------------------------------------------
--------------------Fin ejecucion---------------------------------------------------------------------------------------------
--------------------Nueva ejecucion-------------------------------------------------------------------------------------------
--------------------Fin ejecucion---------------------------------------------------------------------------------------------
--------------------Nueva ejecucion-------------------------------------------------------------------------------------------
--------------------Nueva ejecucion-------------------------------------------------------------------------------------------
--------------------Fin ejecucion---------------------------------------------------------------------------------------------
--------------------Nueva ejecucion-------------------------------------------------------------------------------------------
--------------------Fin ejecucion---------------------------------------------------------------------------------------------
--------------------Nueva ejecucion-------------------------------------------------------------------------------------------
--------------------Fin ejecucion---------------------------------------------------------------------------------------------
--------------------Nueva ejecucion-------------------------------------------------------------------------------------------
--------------------Fin ejecucion---------------------------------------------------------------------------------------------
--------------------Nueva ejecucion-------------------------------------------------------------------------------------------
--------------------Fin ejecucion---------------------------------------------------------------------------------------------
--------------------Nueva ejecucion-------------------------------------------------------------------------------------------
--------------------Nueva ejecucion-------------------------------------------------------------------------------------------
--------------------Fin ejecucion---------------------------------------------------------------------------------------------
--------------------Nueva ejecucion-------------------------------------------------------------------------------------------
--------------------Fin ejecucion---------------------------------------------------------------------------------------------
--------------------Nueva ejecucion-------------------------------------------------------------------------------------------
--------------------Nueva ejecucion-------------------------------------------------------------------------------------------
--------------------Fin ejecucion---------------------------------------------------------------------------------------------
--------------------Nueva ejecucion-------------------------------------------------------------------------------------------
--------------------Fin ejecucion---------------------------------------------------------------------------------------------
--------------------Nueva ejecucion-------------------------------------------------------------------------------------------
--------------------Fin ejecucion---------------------------------------------------------------------------------------------
--------------------Nueva ejecucion-------------------------------------------------------------------------------------------
--------------------Nueva ejecucion-------------------------------------------------------------------------------------------
--------------------Fin ejecucion---------------------------------------------------------------------------------------------
--------------------Nueva ejecucion-------------------------------------------------------------------------------------------
--------------------Nueva ejecucion-------------------------------------------------------------------------------------------
--------------------Fin ejecucion---------------------------------------------------------------------------------------------
--------------------Nueva ejecucion-------------------------------------------------------------------------------------------
--------------------Nueva ejecucion-------------------------------------------------------------------------------------------
--------------------Fin ejecucion---------------------------------------------------------------------------------------------
--------------------Nueva ejecucion-------------------------------------------------------------------------------------------
--------------------Nueva ejecucion-------------------------------------------------------------------------------------------
--------------------Fin ejecucion---------------------------------------------------------------------------------------------
--------------------Nueva ejecucion-------------------------------------------------------------------------------------------
--------------------Fin ejecucion---------------------------------------------------------------------------------------------
--------------------Nueva ejecucion-------------------------------------------------------------------------------------------
--------------------Fin ejecucion---------------------------------------------------------------------------------------------
--------------------Nueva ejecucion-------------------------------------------------------------------------------------------
--------------------Fin ejecucion---------------------------------------------------------------------------------------------
--------------------Nueva ejecucion-------------------------------------------------------------------------------------------
--------------------Fin ejecucion---------------------------------------------------------------------------------------------
--------------------Nueva ejecucion-------------------------------------------------------------------------------------------
--------------------Fin ejecucion---------------------------------------------------------------------------------------------
--------------------Nueva ejecucion-------------------------------------------------------------------------------------------
--------------------Fin ejecucion---------------------------------------------------------------------------------------------
--------------------Nueva ejecucion-------------------------------------------------------------------------------------------
--------------------Fin ejecucion---------------------------------------------------------------------------------------------
--------------------Nueva ejecucion-------------------------------------------------------------------------------------------
--------------------Fin ejecucion---------------------------------------------------------------------------------------------
--------------------Nueva ejecucion-------------------------------------------------------------------------------------------
--------------------Fin ejecucion---------------------------------------------------------------------------------------------
--------------------Nueva ejecucion-------------------------------------------------------------------------------------------
--------------------Fin ejecucion---------------------------------------------------------------------------------------------
--------------------Nueva ejecucion-------------------------------------------------------------------------------------------
--------------------Fin ejecucion---------------------------------------------------------------------------------------------
--------------------Nueva ejecucion-------------------------------------------------------------------------------------------
--------------------Fin ejecucion---------------------------------------------------------------------------------------------
--------------------Nueva ejecucion-------------------------------------------------------------------------------------------
--------------------Fin ejecucion---------------------------------------------------------------------------------------------
--------------------Nueva ejecucion-------------------------------------------------------------------------------------------
--------------------Fin ejecucion---------------------------------------------------------------------------------------------
--------------------Nueva ejecucion-------------------------------------------------------------------------------------------
Imprimo todos los segmentos de los procesos
	Lista de segmentos vacia
Imprimo la memoria principal
	▀▄▀▄▀▄▀▄▀▄▀▄▀▄▀▄▀▄▀▄▀▄▀▄▀▄▀▄▀▄▀▄▀▄▀▄▀▄▀▄▀▄▀▄▀▄▀▄▀▄▀▄▀▄▀▄▀▄▀▄▀▄▀▄▀▄▀▄▀▄▀▄▀▄▀▄▀▄▀▄▀▄▀▄▀▄▀▄▀▄▀▄▀▄▀▄▀▄▀▄▀▄▀▄▀▄▀▄▀▄▀▄▀▄▀▄▀▄▀▄▀▄▀▄▀▄▀▄▀▄▀▄▀▄▀▄▀▄▀▄▀▄▀▄▀▄▀▄▀▄▀▄▀▄▀▄▀▄▀▄▀▄▀▄▀▄▀▄▀▄▀▄▀▄▀▄▀▄▀▄▀▄▀▄▀▄▀▄▀▄▀▄▀▄▀▄▀▄▀▄▀▄▀▄▀▄▀▄▀▄▀▄▀▄▀▄▀▄▀▄▀▄▀▄▀▄▀▄▀▄▀▄▀▄▀▄▀▄▀▄▀▄▀▄▀▄▀▄▀▄▀▄▀▄▀▄▀▄▀▄▀▄▀▄▀▄▀▄▀▄▀▄▀▄▀▄▀▄▀▄▀▄▀▄▀▄▀▄▀▄▀▄▀▄▀▄▀▄▀▄▀▄▀▄▀▄▀▄▀▄▀▄▀▄▀▄▀▄▀▄▀▄▀▄▀▄▀▄▀▄▀▄▀▄▀▄▀▄▀▄▀▄▀▄▀▄▀▄▀▄▀▄▀▄▀▄▀▄▀▄▀▄▀▄▀▄▀▄▀▄▀▄▀▄▀▄▀▄▀▄▀▄▀▄▀▄▀▄▀▄▀▄▀▄▀▄▀▄▀▄▀▄▀▄▀▄▀▄▀▄▀▄▀▄▀▄▀▄▀▄▀▄▀▄▀▄▀▄▀▄▀▄▀▄▀▄▀▄▀▄▀▄▀▄▀▄▀▄▀▄▀▄▀▄▀▄▀▄▀▄▀▄▀▄▀▄▀▄▀▄▀▄▀▄▀▄▀▄▀▄▀▄▀▄▀▄▀▄▀▄▀▄▀▄▀▄▀▄▀▄▀▄▀▄▀▄▀▄▀▄▀▄▀▄▀▄▀▄▀▄▀▄▀▄▀▄▀▄▀▄▀▄▀▄▀▄▀▄▀▄▀▄▀▄▀▄▀▄▀▄▀▄▀▄▀▄▀▄▀▄▀▄▀▄▀▄▀▄▀▄▀▄▀▄▀▄▀▄▀▄▀▄▀▄▀▄▀▄▀▄▀▄▀▄▀▄▀▄▀▄▀▄▀▄▀▄▀▄▀▄▀▄▀▄▀▄▀▄▀▄▀▄▀▄▀▄▀▄▀▄▀▄▀▄▀▄▀▄▀▄▀▄▀▄▀▄▀▄▀▄▀▄▀▄▀▄▀▄▀▄▀▄▀▄▀▄▀▄▀▄▀▄▀▄▀▄▀▄▀▄▀▄▀▄▀▄▀▄▀▄▀▄▀▄▀▄▀▄▀▄▀▄▀▄▀▄▀▄▀▄▀▄▀▄▀▄▀▄▀▄▀▄▀▄▀▄▀▄▀▄▀▄▀▄▀▄▀▄▀▄▀▄▀▄▀▄▀▄▀▄▀▄▀▄▀▄▀▄▀▄▀▄▀▄▀▄▀▄▀▄▀▄▀▄▀▄▀▄▀▄▀▄▀▄▀▄▀▄▀▄▀▄▀▄▀▄▀▄▀▄▀▄▀▄▀▄▀▄▀▄▀▄▀▄▀▄▀▄▀▄▀▄▀▄▀▄▀▄▀▄▀▄▀▄▀▄▀▄▀▄▀▄▀▄▀▄▀▄▀▄▀▄▀▄▀▄▀▄▀▄▀▄▀▄▀▄▀▄▀▄▀▄▀▄▀▄▀▄▀▄▀▄▀▄▀▄▀▄▀▄▀▄▀▄▀▄▀▄▀▄▀▄▀▄▀▄▀▄▀▄▀▄▀▄▀▄▀▄▀▄▀▄▀▄▀▄▀▄▀▄▀▄▀▄▀▄▀▄▀▄▀▄▀▄▀▄▀▄▀▄▀▄▀▄▀▄▀▄▀▄▀▄▀▄▀▄▀▄▀▄▀▄▀▄▀▄▀▄▀▄▀▄▀▄▀▄▀▄▀▄▀▄▀▄▀▄▀▄▀▄▀▄▀▄▀▄▀▄▀▄▀▄▀▄▀▄▀▄▀▄▀▄▀▄▀▄▀▄▀▄▀▄▀▄▀▄▀▄▀▄▀▄▀▄▀▄▀▄▀▄▀▄▀▄▀▄▀▄▀▄▀▄▀▄▀▄▀▄▀▄▀▄▀▄▀▄▀▄▀▄▀▄▀▄▀▄▀▄▀▄▀▄▀▄▀▄▀▄▀▄▀▄▀▄▀▄▀▄▀▄▀▄▀▄▀▄▀▄▀▄▀▄▀▄▀▄▀▄▀▄▀▄▀▄▀▄▀▄▀▄▀▄▀▄▀▄▀▄▀▄▀▄▀▄▀▄▀▄▀▄▀▄▀▄▀▄▀▄▀▄▀▄▀▄▀▄▀▄▀▄▀▄▀▄▀▄▀▄▀▄▀▄▀▄▀▄▀▄▀▄▀▄▀▄▀▄▀▄▀▄▀▄▀▄▀▄▀▄▀▄▀▄▀▄▀▄▀▄▀▄▀▄▀▄▀▄▀▄▀▄▀▄▀▄▀▄▀▄▀▄▀▄▀▄▀▄▀▄▀▄▀▄▀▄▀▄▀▄▀▄▀▄▀▄▀▄▀▄▀▄▀▄▀▄▀▄▀▄▀▄▀▄▀▄▀▄▀▄▀▄▀▄▀▄▀▄▀▄▀▄▀▄▀▄▀▄▀▄▀▄▀▄▀▄▀▄▀▄▀▄▀▄▀▄▀▄▀▄▀▄▀▄▀▄▀▄▀▄▀▄▀▄▀▄▀▄▀▄▀▄▀▄▀▄▀▄▀▄▀▄▀▄▀▄▀▄▀▄▀▄▀▄▀▄▀▄▀▄▀▄▀▄▀▄▀▄▀▄▀▄▀▄▀▄▀▄▀▄▀▄▀▄▀▄▀▄▀▄▀▄▀▄▀▄▀▄▀▄▀▄▀▄▀▄▀▄▀▄▀▄▀▄▀▄▀▄▀▄▀▄▀▄▀▄▀▄▀▄▀▄▀▄▀▄▀▄▀▄▀▄▀▄▀▄▀▄▀▄▀▄▀▄▀▄▀▄▀▄▀▄▀▄▀▄▀▄▀▄▀▄▀▄▀▄▀▄▀▄▀▄▀▄▀▄▀▄▀▄▀▄▀▄▀▄▀▄▀▄▀▄▀▄▀▄▀▄▀▄▀▄▀▄▀▄▀▄▀▄▀▄▀▄▀▄▀▄▀▄▀▄▀▄▀▄▀▄▀▄▀▄▀▄▀▄▀▄▀▄▀▄▀▄▀▄▀▄▀▄▀▄▀▄▀▄▀▄▀▄▀▄▀▄▀▄▀▄▀▄▀▄▀▄▀▄▀▄▀▄▀▄▀▄▀▄▀▄▀▄▀▄▀▄▀▄▀▄▀▄▀▄▀▄▀▄▀▄▀▄▀▄▀▄▀▄▀▄▀▄▀▄▀▄▀▄▀▄▀▄▀▄▀▄▀▄▀▄▀▄▀▄▀▄▀▄▀▄▀▄▀▄▀▄▀▄▀▄▀▄▀▄▀▄▀▄▀▄▀▄▀▄▀▄▀▄▀▄▀▄▀▄▀▄▀▄▀▄▀▄▀▄▀▄▀▄▀▄▀▄▀▄▀▄▀▄▀▄▀▄▀▄▀▄▀▄▀▄▀▄▀▄▀▄▀▄▀▄▀▄▀▄▀▄▀▄▀▄▀▄▀▄▀▄▀▄▀▄▀▄▀▄▀▄▀▄▀▄▀▄▀▄▀▄▀▄▀▄▀▄▀▄▀▄▀▄▀▄▀▄▀▄▀▄▀▄▀▄▀▄▀▄▀▄▀▄▀▄▀▄▀▄▀▄▀▄▀▄▀▄▀▄▀▄▀▄▀▄▀▄▀▄▀▄▀▄▀▄▀▄▀▄▀▄▀▄▀▄▀▄▀▄▀▄▀▄▀▄▀▄▀▄▀▄▀▄▀▄▀▄▀▄▀▄▀▄▀▄▀▄▀▄▀▄▀▄▀▄▀▄▀▄▀▄▀▄▀▄▀▄▀▄▀▄▀▄▀▄▀▄▀▄▀▄▀▄▀▄▀▄▀▄▀▄▀▄▀▄▀▄▀▄▀▄▀▄▀▄▀▄▀▄▀▄▀▄▀▄▀▄▀▄▀▄▀▄▀▄▀▄▀▄▀▄▀▄▀▄▀▄▀▄▀▄▀▄▀▄▀▄▀▄▀▄▀▄▀▄▀▄▀▄▀▄▀▄
Imprimo contenido de la memoria principal, Offset:0, Cantidad de bytes:0
	
--------------------Fin ejecucion---------------------------------------------------------------------------------------------
--------------------Nueva ejecucion-------------------------------------------------------------------------------------------
--------------------Nueva ejecucion-------------------------------------------------------------------------------------------
--------------------Nueva ejecucion-------------------------------------------------------------------------------------------
--------------------Fin ejecucion---------------------------------------------------------------------------------------------
--------------------Nueva ejecucion-------------------------------------------------------------------------------------------
--------------------Fin ejecucion---------------------------------------------------------------------------------------------
--------------------Nueva ejecucion-------------------------------------------------------------------------------------------
--------------------Fin ejecucion---------------------------------------------------------------------------------------------
--------------------Nueva ejecucion-------------------------------------------------------------------------------------------
--------------------Fin ejecucion---------------------------------------------------------------------------------------------
--------------------Nueva ejecucion-------------------------------------------------------------------------------------------
--------------------Fin ejecucion---------------------------------------------------------------------------------------------
--------------------Nueva ejecucion-------------------------------------------------------------------------------------------
--------------------Fin ejecucion---------------------------------------------------------------------------------------------
--------------------Nueva ejecucion-------------------------------------------------------------------------------------------
--------------------Fin ejecucion---------------------------------------------------------------------------------------------
--------------------Nueva ejecucion-------------------------------------------------------------------------------------------
--------------------Fin ejecucion---------------------------------------------------------------------------------------------
--------------------Nueva ejecucion-------------------------------------------------------------------------------------------
--------------------Fin ejecucion---------------------------------------------------------------------------------------------
--------------------Nueva ejecucion-------------------------------------------------------------------------------------------
--------------------Fin ejecucion---------------------------------------------------------------------------------------------
--------------------Nueva ejecucion-------------------------------------------------------------------------------------------
--------------------Fin ejecucion---------------------------------------------------------------------------------------------
--------------------Nueva ejecucion-------------------------------------------------------------------------------------------
--------------------Nueva ejecucion-------------------------------------------------------------------------------------------
--------------------Fin ejecucion---------------------------------------------------------------------------------------------
--------------------Nueva ejecucion-------------------------------------------------------------------------------------------
--------------------Fin ejecucion---------------------------------------------------------------------------------------------
--------------------Nueva ejecucion-------------------------------------------------------------------------------------------
--------------------Nueva ejecucion-------------------------------------------------------------------------------------------
--------------------Fin ejecucion---------------------------------------------------------------------------------------------
--------------------Nueva ejecucion-------------------------------------------------------------------------------------------
--------------------Fin ejecucion---------------------------------------------------------------------------------------------
--------------------Nueva ejecucion-------------------------------------------------------------------------------------------
--------------------Fin ejecucion---------------------------------------------------------------------------------------------
--------------------Nueva ejecucion-------------------------------------------------------------------------------------------
--------------------Nueva ejecucion-------------------------------------------------------------------------------------------
--------------------Nueva ejecucion-------------------------------------------------------------------------------------------
--------------------Nueva ejecucion-------------------------------------------------------------------------------------------
--------------------Fin ejecucion---------------------------------------------------------------------------------------------
--------------------Nueva ejecucion-------------------------------------------------------------------------------------------
--------------------Nueva ejecucion-------------------------------------------------------------------------------------------
--------------------Nueva ejecucion-------------------------------------------------------------------------------------------
--------------------Fin ejecucion---------------------------------------------------------------------------------------------
--------------------Nueva ejecucion-------------------------------------------------------------------------------------------
--------------------Nueva ejecucion-------------------------------------------------------------------------------------------
--------------------Nueva ejecucion-------------------------------------------------------------------------------------------
--------------------Fin ejecucion---------------------------------------------------------------------------------------------
--------------------Nueva ejecucion-------------------------------------------------------------------------------------------
--------------------Nueva ejecucion-------------------------------------------------------------------------------------------
--------------------Fin ejecucion---------------------------------------------------------------------------------------------
--------------------Nueva ejecucion-------------------------------------------------------------------------------------------
--------------------Nueva ejecucion-------------------------------------------------------------------------------------------
--------------------Fin ejecucion---------------------------------------------------------------------------------------------
--------------------Nueva ejecucion-------------------------------------------------------------------------------------------
--------------------Fin ejecucion---------------------------------------------------------------------------------------------
--------------------Nueva ejecucion-------------------------------------------------------------------------------------------
--------------------Nueva ejecucion-------------------------------------------------------------------------------------------
--------------------Fin ejecucion---------------------------------------------------------------------------------------------
--------------------Nueva ejecucion-------------------------------------------------------------------------------------------
--------------------Fin ejecucion---------------------------------------------------------------------------------------------
--------------------Nueva ejecucion-------------------------------------------------------------------------------------------
--------------------Fin ejecucion---------------------------------------------------------------------------------------------
--------------------Nueva ejecucion-------------------------------------------------------------------------------------------
--------------------Fin ejecucion---------------------------------------------------------------------------------------------
--------------------Nueva ejecucion-------------------------------------------------------------------------------------------
--------------------Fin ejecucion---------------------------------------------------------------------------------------------
--------------------Nueva ejecucion-------------------------------------------------------------------------------------------
--------------------Fin ejecucion---------------------------------------------------------------------------------------------
--------------------Nueva ejecucion-------------------------------------------------------------------------------------------
--------------------Fin ejecucion---------------------------------------------------------------------------------------------
--------------------Nueva ejecucion-------------------------------------------------------------------------------------------
--------------------Fin ejecucion---------------------------------------------------------------------------------------------
--------------------Nueva ejecucion-------------------------------------------------------------------------------------------
--------------------Fin ejecucion---------------------------------------------------------------------------------------------
--------------------Nueva ejecucion-------------------------------------------------------------------------------------------
--------------------Fin ejecucion---------------------------------------------------------------------------------------------
--------------------Nueva ejecucion-------------------------------------------------------------------------------------------
--------------------Nueva ejecucion-------------------------------------------------------------------------------------------
--------------------Fin ejecucion---------------------------------------------------------------------------------------------
--------------------Nueva ejecucion-------------------------------------------------------------------------------------------
--------------------Fin ejecucion---------------------------------------------------------------------------------------------
--------------------Nueva ejecucion-------------------------------------------------------------------------------------------
--------------------Fin ejecucion---------------------------------------------------------------------------------------------
--------------------Nueva ejecucion-------------------------------------------------------------------------------------------
--------------------Fin ejecucion---------------------------------------------------------------------------------------------
--------------------Nueva ejecucion-------------------------------------------------------------------------------------------
--------------------Fin ejecucion---------------------------------------------------------------------------------------------
--------------------Nueva ejecucion-------------------------------------------------------------------------------------------
--------------------Nueva ejecucion-------------------------------------------------------------------------------------------
--------------------Nueva ejecucion-------------------------------------------------------------------------------------------
--------------------Nueva ejecucion-------------------------------------------------------------------------------------------
--------------------Fin ejecucion---------------------------------------------------------------------------------------------
--------------------Nueva ejecucion-------------------------------------------------------------------------------------------
--------------------Fin ejecucion---------------------------------------------------------------------------------------------
--------------------Nueva ejecucion-------------------------------------------------------------------------------------------
--------------------Nueva ejecucion-------------------------------------------------------------------------------------------
--------------------Nueva ejecucion-------------------------------------------------------------------------------------------
--------------------Nueva ejecucion-------------------------------------------------------------------------------------------
--------------------Fin ejecucion---------------------------------------------------------------------------------------------
--------------------Nueva ejecucion-------------------------------------------------------------------------------------------
--------------------Fin ejecucion---------------------------------------------------------------------------------------------
--------------------Nueva ejecucion-------------------------------------------------------------------------------------------
--------------------Fin ejecucion---------------------------------------------------------------------------------------------
--------------------Nueva ejecucion-------------------------------------------------------------------------------------------
--------------------Fin ejecucion---------------------------------------------------------------------------------------------
--------------------Nueva ejecucion-------------------------------------------------------------------------------------------
--------------------Fin ejecucion---------------------------------------------------------------------------------------------
--------------------Nueva ejecucion-------------------------------------------------------------------------------------------
--------------------Fin ejecucion---------------------------------------------------------------------------------------------
--------------------Nueva ejecucion-------------------------------------------------------------------------------------------
--------------------Fin ejecucion---------------------------------------------------------------------------------------------
--------------------Nueva ejecucion-------------------------------------------------------------------------------------------
--------------------Fin ejecucion---------------------------------------------------------------------------------------------
--------------------Nueva ejecucion-------------------------------------------------------------------------------------------
--------------------Fin ejecucion---------------------------------------------------------------------------------------------
--------------------Nueva ejecucion-------------------------------------------------------------------------------------------
--------------------Fin ejecucion---------------------------------------------------------------------------------------------
--------------------Nueva ejecucion-------------------------------------------------------------------------------------------
--------------------Fin ejecucion---------------------------------------------------------------------------------------------
--------------------Nueva ejecucion-------------------------------------------------------------------------------------------
--------------------Fin ejecucion---------------------------------------------------------------------------------------------
--------------------Nueva ejecucion-------------------------------------------------------------------------------------------
--------------------Fin ejecucion---------------------------------------------------------------------------------------------
--------------------Nueva ejecucion-------------------------------------------------------------------------------------------
Imprimo contenido de la memoria principal, Offset:0, Cantidad de bytes:1024
	35-33-46-47-112-114-111-103-114-97-109-97-47-68-101-98-117-103-47-112-114-111-103-114-97-109-97-10-98-101-103-105-110-10-118-97-114-105-97-98-108-101-115-32-120-10-9-120-32-60-45-32-102-105-98-111-32-53-48-10-35-32-69-115-112-101-114-97-98-108-101-58-32-83-101-103-70-97-117-108-116-32-101-110-32-101-108-32-49-48-109-111-32-40-52-48-41-10-10-35-9-120-32-60-45-32-102-105-98-111-32-56-10-35-69-115-112-101-114-97-98-108-101-58-32-50-49-10-10-9-116-101-120-116-80-114-105-110-116-32-83-111-108-117-99-105-111-110-58-10-9-9-112-114-105-110-116-32-120-10-101-110-100-10-10-102-117-110-99-116-105-111-110-32-102-105-98-111-10-112-114-105-110-116-32-36-48-10-9-106-122-32-36-48-32-114-101-116-117-114-110-48-10-9-106-122-32-36-48-45-49-32-114-101-116-117-114-110-49-10-118-97-114-105-97-98-108-101-115-32-97-44-32-98-10-9-97-32-60-45-32-102-105-98-111-32-36-48-45-49-10-9-98-32-60-45-32-102-105-98-111-32-36-48-45-50-10-114-101-116-117-114-110-32-97-43-98-10-10-58-114-101-116-117-114-110-48-10-114-101-116-117-114-110-32-48-10-10-58-114-101-116-117-114-110-49-10-114-101-116-117-114-110-32-49-10-10-10-102-105-98-111-\0-5-\0-\0-\0-114-101-116-117-114-110-48-\0-12-\0-\0-\0-114-101-116-117-114-110-49-\0-13-\0-\0-\0-34-\0-\0-\0-12-\0-\0-\0-46-\0-\0-\0-14-\0-\0-\0--127-\0-\0-\0-21-\0-\0-\0--106-\0-\0-\0-10-\0-\0-\0--96-\0-\0-\0-4-\0-\0-\0--77-\0-\0-\0-9-\0-\0-\0--68-\0-\0-\0-15-\0-\0-\0--53-\0-\0-\0-17-\0-\0-\0--36-\0-\0-\0-15-\0-\0-\0--21-\0-\0-\0-16-\0-\0-\0--5-\0-\0-\0-16-\0-\0-\0-11-1-\0-\0-11-\0-\0-\0-32-1-\0-\0-9-\0-\0-\0-51-1-\0-\0-9-\0-\0-\0-120-\0-\0-\0-\0-90--37--89-70-2-\0-\0-\0-90--37--89-70-48-50-\0-\0-\0-97-\0-\0-\0-\0-98-\0-\0-\0-\0-107--37--89-70-10-\0-\0-\0-112--37--89-70-\0-\0-\0-\0-\0-\0-\0-\0-\0-\0-\0-\0-\0-\0-\0-\0-\0-48-49-\0-\0-\0-97-\0-\0-\0-\0-98-\0-\0-\0-\0--105--37--89-70-10-\0-\0-\0--100--37--89-70-\0-\0-\0-\0-\0-\0-\0-\0-\0-\0-\0-\0-\0-\0-\0-\0-\0-\0-\0-\0-\0-\0-\0-\0-\0-\0-\0-\0-\0-\0-\0-\0-\0-\0-\0-\0-\0-\0-\0-\0-\0-\0-\0-\0-\0-\0-\0-\0-\0-\0-\0-\0-\0-\0-\0-\0-\0-\0-\0-\0-\0-48-48-\0-\0-\0-97-\0-\0-\0-\0-98-\0-\0-\0-\0--17--37--89-70-10-\0-\0-\0--12--37--89-70-\0-\0-\0-\0-\0-\0-\0-\0-\0-\0-\0-\0-\0-\0-\0-\0-\0-\0-\0-\0-\0-\0-\0-\0-\0-\0-\0-\0-\0-\0-\0-\0-\0-\0-\0-\0-\0-\0-\0-\0-\0-\0-\0-\0-\0-\0-\0-\0-\0-\0-\0-\0-\0-\0-\0-\0-\0-\0-\0-\0-\0-\0-\0-\0-\0-\0-\0-\0-\0-\0-\0-\0-\0-\0-\0-\0-\0-\0-\0-\0-\0-\0-\0-\0-\0-\0-\0-\0-\0-\0-\0-\0-\0-\0-\0-\0-\0-\0-\0-\0-\0-\0-\0-\0-\0-\0-\0-\0-\0-\0-\0-\0-\0-\0-\0-\0-\0-\0-\0-\0-\0-\0-\0-\0-\0-\0-\0-\0-\0-\0-\0-\0-\0-\0-\0-\0-\0-\0-\0-\0-\0-\0-\0-\0-\0-\0-\0-\0-\0-\0-\0-\0-\0-\0-\0-\0-\0-\0-\0-\0-\0-\0-\0-\0-\0-\0-\0-\0-\0-\0-\0-\0-\0-\0-\0-\0-\0-\0-\0-\0-\0-\0-\0-\0-\0-\0-\0-\0-\0-\0-\0-\0-\0-\0-\0-\0-\0-\0-\0-\0-\0-\0-\0-\0-\0-\0-\0-\0-\0-\0-\0-\0-\0-\0-\0-\0-\0-\0-\0-\0-\0-\0-\0-\0-\0-\0-\0-\0-\0-\0-\0-\0-\0-\0-\0-\0-\0-\0-\0-\0-\0-\0-\0-\0-\0-\0-\0-\0-\0-\0-\0-\0-\0-\0-\0-\0-\0-\0-\0-\0-\0-\0-\0-\0-\0-\0-\0-\0-\0-\0-\0-\0-\0-\0-\0-\0-\0-\0-\0-\0-\0-\0-\0-\0-\0-\0-\0-\0-\0-\0-\0-\0-\0-\0-\0-\0-\0-\0-\0-\0-\0-\0-\0-\0-\0-\0-\0-\0-\0-\0-\0-\0-\0-\0-\0-\0-\0-\0-\0-\0-\0-\0-\0-\0-\0-\0-\0-\0-\0-\0-\0-\0-\0-\0-\0-\0-\0-\0-\0-\0-\0-\0-\0-\0-\0-\0-\0-\0-\0-\0-\0-\0-\0-\0-\0-\0-\0-\0-\0-\0-\0-\0-\0-\0-\0-\0-\0-\0-\0-\0-\0-\0-\0-\0-\0-\0-\0-\0-\0-\0-\0-\0-\0-\0-\0-
--------------------Fin ejecucion---------------------------------------------------------------------------------------------
--------------------Nueva ejecucion-------------------------------------------------------------------------------------------
--------------------Fin ejecucion---------------------------------------------------------------------------------------------
--------------------Nueva ejecucion-------------------------------------------------------------------------------------------
--------------------Fin ejecucion---------------------------------------------------------------------------------------------
--------------------Nueva ejecucion-------------------------------------------------------------------------------------------
--------------------Fin ejecucion---------------------------------------------------------------------------------------------
--------------------Nueva ejecucion-------------------------------------------------------------------------------------------
--------------------Fin ejecucion---------------------------------------------------------------------------------------------
--------------------Nueva ejecucion-------------------------------------------------------------------------------------------
--------------------Fin ejecucion---------------------------------------------------------------------------------------------
--------------------Nueva ejecucion-------------------------------------------------------------------------------------------
--------------------Nueva ejecucion-------------------------------------------------------------------------------------------
--------------------Nueva ejecucion-------------------------------------------------------------------------------------------
--------------------Nueva ejecucion-------------------------------------------------------------------------------------------
--------------------Fin ejecucion---------------------------------------------------------------------------------------------
--------------------Nueva ejecucion-------------------------------------------------------------------------------------------
--------------------Fin ejecucion---------------------------------------------------------------------------------------------
--------------------Nueva ejecucion-------------------------------------------------------------------------------------------
--------------------Fin ejecucion---------------------------------------------------------------------------------------------
--------------------Nueva ejecucion-------------------------------------------------------------------------------------------
--------------------Fin ejecucion---------------------------------------------------------------------------------------------
--------------------Nueva ejecucion-------------------------------------------------------------------------------------------
--------------------Fin ejecucion---------------------------------------------------------------------------------------------
--------------------Nueva ejecucion-------------------------------------------------------------------------------------------
--------------------Fin ejecucion---------------------------------------------------------------------------------------------
--------------------Nueva ejecucion-------------------------------------------------------------------------------------------
--------------------Fin ejecucion---------------------------------------------------------------------------------------------
--------------------Nueva ejecucion-------------------------------------------------------------------------------------------
--------------------Fin ejecucion---------------------------------------------------------------------------------------------
--------------------Nueva ejecucion-------------------------------------------------------------------------------------------
--------------------Fin ejecucion---------------------------------------------------------------------------------------------
--------------------Nueva ejecucion-------------------------------------------------------------------------------------------
--------------------Fin ejecucion---------------------------------------------------------------------------------------------
--------------------Nueva ejecucion-------------------------------------------------------------------------------------------
--------------------Fin ejecucion---------------------------------------------------------------------------------------------
--------------------Nueva ejecucion-------------------------------------------------------------------------------------------
--------------------Fin ejecucion---------------------------------------------------------------------------------------------
--------------------Nueva ejecucion-------------------------------------------------------------------------------------------
--------------------Fin ejecucion---------------------------------------------------------------------------------------------
--------------------Nueva ejecucion-------------------------------------------------------------------------------------------
--------------------Fin ejecucion---------------------------------------------------------------------------------------------
--------------------Nueva ejecucion-------------------------------------------------------------------------------------------
--------------------Fin ejecucion---------------------------------------------------------------------------------------------
--------------------Nueva ejecucion-------------------------------------------------------------------------------------------
--------------------Nueva ejecucion-------------------------------------------------------------------------------------------
--------------------Fin ejecucion---------------------------------------------------------------------------------------------
--------------------Nueva ejecucion-------------------------------------------------------------------------------------------
--------------------Fin ejecucion---------------------------------------------------------------------------------------------
--------------------Nueva ejecucion-------------------------------------------------------------------------------------------
--------------------Nueva ejecucion-------------------------------------------------------------------------------------------
--------------------Nueva ejecucion-------------------------------------------------------------------------------------------
--------------------Fin ejecucion---------------------------------------------------------------------------------------------
--------------------Nueva ejecucion-------------------------------------------------------------------------------------------
--------------------Fin ejecucion---------------------------------------------------------------------------------------------
--------------------Nueva ejecucion-------------------------------------------------------------------------------------------
--------------------Nueva ejecucion-------------------------------------------------------------------------------------------
--------------------Nueva ejecucion-------------------------------------------------------------------------------------------
--------------------Nueva ejecucion-------------------------------------------------------------------------------------------
Imprimo todos los segmentos de los procesos
	TIPO	|ID	|DIR_F	|TAM	|DIR_L
	206	|4	|0	|318	|2138637534
	207	|4	|318	|33	|101452277
	208	|4	|351	|112	|1217315551
	209	|4	|463	|300	|574921937
--------------------Fin ejecucion---------------------------------------------------------------------------------------------
--------------------Nueva ejecucion-------------------------------------------------------------------------------------------
--------------------Fin ejecucion---------------------------------------------------------------------------------------------
--------------------Nueva ejecucion-------------------------------------------------------------------------------------------
--------------------Fin ejecucion---------------------------------------------------------------------------------------------
--------------------Nueva ejecucion-------------------------------------------------------------------------------------------
--------------------Nueva ejecucion-------------------------------------------------------------------------------------------
--------------------Fin ejecucion---------------------------------------------------------------------------------------------
--------------------Nueva ejecucion-------------------------------------------------------------------------------------------
--------------------Nueva ejecucion-------------------------------------------------------------------------------------------
--------------------Fin ejecucion---------------------------------------------------------------------------------------------
--------------------Nueva ejecucion-------------------------------------------------------------------------------------------
--------------------Fin ejecucion---------------------------------------------------------------------------------------------
--------------------Nueva ejecucion-------------------------------------------------------------------------------------------
--------------------Fin ejecucion---------------------------------------------------------------------------------------------
--------------------Nueva ejecucion-------------------------------------------------------------------------------------------
--------------------Nueva ejecucion-------------------------------------------------------------------------------------------
--------------------Fin ejecucion---------------------------------------------------------------------------------------------
--------------------Nueva ejecucion-------------------------------------------------------------------------------------------
--------------------Fin ejecucion---------------------------------------------------------------------------------------------
--------------------Nueva ejecucion-------------------------------------------------------------------------------------------
--------------------Fin ejecucion---------------------------------------------------------------------------------------------
--------------------Nueva ejecucion-------------------------------------------------------------------------------------------
--------------------Fin ejecucion---------------------------------------------------------------------------------------------
--------------------Nueva ejecucion-------------------------------------------------------------------------------------------
Imprimo contenido de la memoria principal, Offset:3, Cantidad de bytes:3
	47-112-114-
Imprimo contenido de la memoria principal, Offset:3, Cantidad de bytes:3
	47-112-114-
--------------------Fin ejecucion---------------------------------------------------------------------------------------------
--------------------Nueva ejecucion-------------------------------------------------------------------------------------------
--------------------Fin ejecucion---------------------------------------------------------------------------------------------
--------------------Nueva ejecucion-------------------------------------------------------------------------------------------
--------------------Fin ejecucion---------------------------------------------------------------------------------------------
--------------------Nueva ejecucion-------------------------------------------------------------------------------------------
--------------------Fin ejecucion---------------------------------------------------------------------------------------------
--------------------Nueva ejecucion-------------------------------------------------------------------------------------------
--------------------Fin ejecucion---------------------------------------------------------------------------------------------
--------------------Nueva ejecucion-------------------------------------------------------------------------------------------
--------------------Fin ejecucion---------------------------------------------------------------------------------------------
--------------------Nueva ejecucion-------------------------------------------------------------------------------------------
--------------------Fin ejecucion---------------------------------------------------------------------------------------------
--------------------Nueva ejecucion-------------------------------------------------------------------------------------------
--------------------Fin ejecucion---------------------------------------------------------------------------------------------
--------------------Nueva ejecucion-------------------------------------------------------------------------------------------
--------------------Fin ejecucion---------------------------------------------------------------------------------------------
--------------------Nueva ejecucion-------------------------------------------------------------------------------------------
--------------------Fin ejecucion---------------------------------------------------------------------------------------------
--------------------Nueva ejecucion-------------------------------------------------------------------------------------------
--------------------Nueva ejecucion-------------------------------------------------------------------------------------------
--------------------Fin ejecucion---------------------------------------------------------------------------------------------
--------------------Nueva ejecucion-------------------------------------------------------------------------------------------
--------------------Fin ejecucion---------------------------------------------------------------------------------------------
--------------------Nueva ejecucion-------------------------------------------------------------------------------------------
--------------------Fin ejecucion---------------------------------------------------------------------------------------------
